Log file open, 09/20/17 14:22:29
LogWindows: LoadLibraryWithSearchPaths failed for file aqProf.dll. GetLastError=0
LogWindows: LoadLibraryWithSearchPaths failed for file VSPerf140.dll. GetLastError=0
LogWindows: LoadLibraryWithSearchPaths failed for file VtuneApi.dll. GetLastError=0
LogWindows: LoadLibraryWithSearchPaths failed for file VtuneApi32e.dll. GetLastError=0
LogInit: Display: Running engine for game: HowTo_VTE
LogPlatformFile: Not using cached read wrapper
LogInit: Display: RandInit(-1227798875) SRandInit(-1227798875).
LogTaskGraph: Started task graph with 5 named threads and 8 total threads with 3 sets of task threads.
LogStats: Stats thread started at 0.134538
LogD3D11RHI: Aftermath initialized
LogPluginManager: Mounting plugin Paper2D
LogPluginManager: Mounting plugin LightPropagationVolume
LogPluginManager: Mounting plugin CodeLiteSourceCodeAccess
LogPluginManager: Mounting plugin GitSourceControl
LogPluginManager: Mounting plugin KDevelopSourceCodeAccess
LogPluginManager: Mounting plugin NullSourceCodeAccess
LogPluginManager: Mounting plugin PerforceSourceControl
LogPluginManager: Mounting plugin SubversionSourceControl
LogPluginManager: Mounting plugin UObjectPlugin
LogPluginManager: Mounting plugin VisualStudioSourceCodeAccess
LogPluginManager: Mounting plugin XCodeSourceCodeAccess
LogPluginManager: Mounting plugin AssetManagerEditor
LogPluginManager: Mounting plugin AudioCapture
LogPluginManager: Mounting plugin FacialAnimation
LogPluginManager: Mounting plugin GameplayTagsEditor
LogPluginManager: Mounting plugin MobileLauncherProfileWizard
LogPluginManager: Mounting plugin PluginBrowser
LogPluginManager: Mounting plugin SpeedTreeImporter
LogPluginManager: Mounting plugin AlembicImporter
LogPluginManager: Mounting plugin CharacterAI
LogPluginManager: Mounting plugin HTML5Networking
LogPluginManager: Mounting plugin AndroidMedia
LogPluginManager: Mounting plugin AvfMedia
LogPluginManager: Mounting plugin MediaPlayerEditor
LogPluginManager: Mounting plugin WmfMedia
LogPluginManager: Mounting plugin TcpMessaging
LogPluginManager: Mounting plugin UdpMessaging
LogPluginManager: Mounting plugin LevelSequenceEditor
LogPluginManager: Mounting plugin MatineeToLevelSequence
LogPluginManager: Mounting plugin OnlineSubsystemGooglePlay
LogPluginManager: Mounting plugin OnlineSubsystemIOS
LogPluginManager: Mounting plugin OnlineSubsystem
LogPluginManager: Mounting plugin OnlineSubsystemNull
LogPluginManager: Mounting plugin OnlineSubsystemUtils
LogPluginManager: Mounting plugin AndroidDeviceProfileSelector
LogPluginManager: Mounting plugin AndroidMoviePlayer
LogPluginManager: Mounting plugin AndroidPermission
LogPluginManager: Mounting plugin AppleMoviePlayer
LogPluginManager: Mounting plugin ArchVisCharacter
LogPluginManager: Mounting plugin CableComponent
LogPluginManager: Mounting plugin CustomMeshComponent
LogPluginManager: Mounting plugin ExampleDeviceProfileSelector
LogPluginManager: Mounting plugin GoogleCloudMessaging
LogPluginManager: Mounting plugin ImmediatePhysics
LogPluginManager: Mounting plugin IOSDeviceProfileSelector
LogPluginManager: Mounting plugin LinuxDeviceProfileSelector
LogPluginManager: Mounting plugin LocationServicesBPLibrary
LogPluginManager: Mounting plugin MobilePatchingUtils
LogPluginManager: Mounting plugin OculusVR
LogPluginManager: Mounting plugin PhysXVehicles
LogPluginManager: Mounting plugin ProceduralMeshComponent
LogPluginManager: Mounting plugin RuntimePhysXCooking
LogPluginManager: Mounting plugin SteamVR
LogPluginManager: Mounting plugin WindowsMoviePlayer
LogInit: Using libcurl 7.47.1
LogInit:  - built for x86_64-pc-win32
LogInit:  - supports SSL with OpenSSL/1.0.2g
LogInit:  - supports HTTP deflate (compression) using libz 1.2.8
LogInit:  - other features:
LogInit:      CURL_VERSION_SSL
LogInit:      CURL_VERSION_LIBZ
LogInit:      CURL_VERSION_IPV6
LogInit:      CURL_VERSION_ASYNCHDNS
LogInit:      CURL_VERSION_LARGEFILE
LogInit:      CURL_VERSION_IDN
LogInit:  CurlRequestOptions (configurable via config and command line):
LogInit:  - bVerifyPeer = false  - Libcurl will NOT verify peer certificate
LogInit:  - bUseHttpProxy = false  - Libcurl will NOT use HTTP proxy
LogInit:  - bDontReuseConnections = false  - Libcurl will reuse connections
LogInit:  - CertBundlePath = nullptr  - Libcurl will use whatever was configured at build time.
LogInit: Build: ++UE4+Release-4.17-CL-3586342
LogInit: Engine Version: 4.17.1-3586342+++UE4+Release-4.17
LogInit: Compatible Engine Version: 4.17.0-3573198+++UE4+Release-4.17
LogInit: Net CL: 3573198
LogDevObjectVersion: Number of dev versions registered: 16
LogDevObjectVersion:   Dev-Blueprints (B0D832E4-1F89-4F0D-ACCF-7EB736FD4AA2): 10
LogDevObjectVersion:   Dev-Build (E1C64328-A22C-4D53-A36C-8E866417BD8C): 0
LogDevObjectVersion:   Dev-Core (375EC13C-06E4-48FB-B500-84F0262A717E): 2
LogDevObjectVersion:   Dev-Editor (E4B068ED-F494-42E9-A231-DA0B2E46BB41): 20
LogDevObjectVersion:   Dev-Framework (CFFC743F-43B0-4480-9391-14DF171D2073): 28
LogDevObjectVersion:   Dev-Mobile (B02B49B5-BB20-44E9-A304-32B752E40360): 0
LogDevObjectVersion:   Dev-Networking (A4E4105C-59A1-49B5-A7C5-40C4547EDFEE): 0
LogDevObjectVersion:   Dev-Online (39C831C9-5AE6-47DC-9A44-9C173E1C8E7C): 0
LogDevObjectVersion:   Dev-Physics (78F01B33-EBEA-4F98-B9B4-84EACCB95AA2): 0
LogDevObjectVersion:   Dev-Platform (6631380F-2D4D-43E0-8009-CF276956A95A): 0
LogDevObjectVersion:   Dev-Rendering (12F88B9F-8875-4AFC-A67C-D90C383ABD29): 19
LogDevObjectVersion:   Dev-Sequencer (7B5AE74C-D270-4C10-A958-57980B212A5A): 4
LogDevObjectVersion:   Dev-VR (D7296918-1DD6-4BDD-9DE2-64A83CC13884): 0
LogDevObjectVersion:   Dev-LoadTimes (C2A15278-BFE7-4AFE-6C17-90FF531DF755): 1
LogDevObjectVersion:   Private-Geometry (6EACA3D4-40EC-4CC1-B786-8BED09428FC5): 1
LogDevObjectVersion:   Dev-AnimPhys (29E575DD-E0A3-4627-9D10-D276232CDCEA): 7
LogInit: Compiled (64-bit): Aug 15 2017 02:05:26
LogInit: Compiled with Visual C++: 19.00.24215.01
LogInit: Build Configuration: Development
LogInit: Branch Name: ++UE4+Release-4.17
LogInit: Command line: -EpicPortal 
LogInit: Base directory: C:/Program Files/Epic Games/UE_4.17/Engine/Binaries/Win64/
LogInit: Installed Engine Build: 1
LogInit: Presizing for max 8388607 objects, including 0 objects not considered by GC, pre-allocating 0 bytes for permanent pool.
LogInit: Object subsystem initialized
[2017.09.20-18.22.32:359][  0]LogInit: Selected Device Profile: [Windows]
[2017.09.20-18.22.32:359][  0]LogInit: Applying CVar settings loaded from the selected device profile: [Windows]
[2017.09.20-18.22.32:378][  0]LogInit: Computer: SAGGITORI-LAPTO
[2017.09.20-18.22.32:378][  0]LogInit: User: Saggitori
[2017.09.20-18.22.32:379][  0]LogInit: CPU Page size=4096, Cores=2
[2017.09.20-18.22.32:379][  0]LogInit: High frequency timer resolution =2.338342 MHz
[2017.09.20-18.22.32:379][  0]LogMemory: Memory total: Physical=15.9GB (16GB approx)
[2017.09.20-18.22.32:379][  0]LogMemory: Platform Memory Stats for Windows
[2017.09.20-18.22.32:379][  0]LogMemory: Process Physical Memory: 277.56 MB used, 277.56 MB peak
[2017.09.20-18.22.32:379][  0]LogMemory: Process Virtual Memory: 275.73 MB used, 275.73 MB peak
[2017.09.20-18.22.32:379][  0]LogMemory: Physical Memory: 5443.80 MB used,  10855.59 MB free, 16299.39 MB total
[2017.09.20-18.22.32:379][  0]LogMemory: Virtual Memory: 666.71 MB used,  10855.59 MB free, 134217728.00 MB total
[2017.09.20-18.22.32:591][  0]LogInit: Using OS detected language (en-US).
[2017.09.20-18.22.32:591][  0]LogInit: Using OS detected locale (en-US).
[2017.09.20-18.22.32:595][  0]LogTextLocalizationManager: No specific localization for 'en-US' exists, so the 'en' localization will be used.
[2017.09.20-18.22.33:486][  0]LogD3D11RHI: D3D11 adapters:
[2017.09.20-18.22.33:541][  0]LogD3D11RHI:    0. 'NVIDIA GeForce 940M' (Feature Level 11_0)
[2017.09.20-18.22.33:541][  0]LogD3D11RHI:       2020/0/8149 MB DedicatedVideo/DedicatedSystem/SharedSystem, Outputs:1, VendorId:0x10de
[2017.09.20-18.22.33:546][  0]LogD3D11RHI:    1. 'Intel(R) HD Graphics 5500' (Feature Level 11_0)
[2017.09.20-18.22.33:546][  0]LogD3D11RHI:       128/0/8149 MB DedicatedVideo/DedicatedSystem/SharedSystem, Outputs:0, VendorId:0x8086
[2017.09.20-18.22.33:547][  0]LogD3D11RHI:    2. 'Microsoft Basic Render Driver' (Feature Level 11_0)
[2017.09.20-18.22.33:547][  0]LogD3D11RHI:       0/0/8149 MB DedicatedVideo/DedicatedSystem/SharedSystem, Outputs:0, VendorId:0x1414
[2017.09.20-18.22.33:547][  0]LogD3D11RHI: Chosen D3D11 Adapter: 0
[2017.09.20-18.22.33:555][  0]LogD3D11RHI: Creating new Direct3DDevice
[2017.09.20-18.22.33:555][  0]LogD3D11RHI:     GPU DeviceId: 0x1347 (for the marketing name, search the web for "GPU Device Id")
[2017.09.20-18.22.33:555][  0]LogWindows: EnumDisplayDevices:
[2017.09.20-18.22.33:555][  0]LogWindows:    0. 'Intel(R) HD Graphics 5500' (P:1 D:1)
[2017.09.20-18.22.33:556][  0]LogWindows:    1. 'Intel(R) HD Graphics 5500' (P:0 D:0)
[2017.09.20-18.22.33:556][  0]LogWindows:    2. 'Intel(R) HD Graphics 5500' (P:0 D:0)
[2017.09.20-18.22.33:556][  0]LogWindows: DebugString: PrimaryIsNotTheChoosenAdapter PrimaryIsNotTheChoosenAdapter PrimaryIsNotTheChoosenAdapter FoundDriverCount:0 
[2017.09.20-18.22.33:556][  0]LogD3D11RHI:     Adapter Name: NVIDIA GeForce 940M
[2017.09.20-18.22.33:556][  0]LogD3D11RHI:   Driver Version: Unknown (internal:Unknown, unified:Unknown)
[2017.09.20-18.22.33:556][  0]LogD3D11RHI:      Driver Date: Unknown
[2017.09.20-18.22.33:556][  0]LogRHI: Texture pool is 1361 MB (70% of 1945 MB)
[2017.09.20-18.22.33:593][  0]LogD3D11RHI: Async texture creation enabled
[2017.09.20-18.22.33:613][  0]LogD3D11RHI: GPU Timing Frequency: 1000.000000 (Debug: 2 2)
[2017.09.20-18.22.33:614][  0]LogShaderCompilers: Guid format shader working directory is -16 characters bigger than the processId version (../../../../../../Users/Saggitori/Documents/ue4tutorials/HowTo_VTE/Intermediate/Shaders/WorkingDirectory/8040/).
[2017.09.20-18.22.33:614][  0]LogShaderCompilers: Cleaned the shader compiler working directory 'C:/Users/Saggitori/AppData/Local/Temp/UnrealShaderWorkingDir/4AB9152B4AB9EB7D652A84872FA60450/'.
[2017.09.20-18.22.33:614][  0]LogShaderCompilers: Display: Using Local Shader Compiler.
[2017.09.20-18.22.34:787][  0]LogTemp: Display: Loaded TP AllDesktopTargetPlatform
[2017.09.20-18.22.34:844][  0]LogTemp: Display: Loaded TP MacClientTargetPlatform
[2017.09.20-18.22.34:901][  0]LogTemp: Display: Loaded TP MacNoEditorTargetPlatform
[2017.09.20-18.22.34:957][  0]LogTemp: Display: Loaded TP MacServerTargetPlatform
[2017.09.20-18.22.35:015][  0]LogTemp: Display: Loaded TP MacTargetPlatform
[2017.09.20-18.22.35:078][  0]LogTemp: Display: Loaded TP WindowsClientTargetPlatform
[2017.09.20-18.22.35:134][  0]LogTemp: Display: Loaded TP WindowsNoEditorTargetPlatform
[2017.09.20-18.22.35:190][  0]LogTemp: Display: Loaded TP WindowsServerTargetPlatform
[2017.09.20-18.22.35:240][  0]LogTemp: Display: Loaded TP WindowsTargetPlatform
[2017.09.20-18.22.35:296][  0]LogTemp: Display: Loaded TP AndroidTargetPlatform
[2017.09.20-18.22.35:353][  0]LogTemp: Display: Loaded TP Android_ASTCTargetPlatform
[2017.09.20-18.22.35:407][  0]LogTemp: Display: Loaded TP Android_ATCTargetPlatform
[2017.09.20-18.22.35:464][  0]LogTemp: Display: Loaded TP Android_DXTTargetPlatform
[2017.09.20-18.22.35:520][  0]LogTemp: Display: Loaded TP Android_ETC1TargetPlatform
[2017.09.20-18.22.35:576][  0]LogTemp: Display: Loaded TP Android_ETC2TargetPlatform
[2017.09.20-18.22.35:687][  0]LogTemp: Display: Loaded TP Android_MultiTargetPlatform
[2017.09.20-18.22.35:687][  0]LogTemp: Display: Loaded TP Android_PVRTCTargetPlatform
[2017.09.20-18.22.35:731][  0]LogTemp: Display: Loaded TP HTML5TargetPlatform
[2017.09.20-18.22.35:831][  0]LogTemp: Display: Loaded TP IOSTargetPlatform
[2017.09.20-18.22.35:864][  0]LogTemp: Display: Loaded TP TVOSTargetPlatform
[2017.09.20-18.22.35:919][  0]LogTemp: Display: Loaded TP LinuxClientTargetPlatform
[2017.09.20-18.22.35:977][  0]LogTemp: Display: Loaded TP LinuxNoEditorTargetPlatform
[2017.09.20-18.22.36:031][  0]LogTemp: Display: Loaded TP LinuxServerTargetPlatform
[2017.09.20-18.22.36:087][  0]LogTemp: Display: Loaded TP LinuxTargetPlatform
[2017.09.20-18.22.36:087][  0]LogTargetPlatformManager: Display: Building Assets For Windows
[2017.09.20-18.22.36:637][  0]LogDerivedDataCache: Display: Max Cache Size: 512 MB
[2017.09.20-18.22.36:758][  0]LogDerivedDataCache: Loaded boot cache 0.12s 93MB C:/Users/Saggitori/AppData/Local/UnrealEngine/4.17/DerivedDataCache/Boot.ddc.
[2017.09.20-18.22.36:758][  0]LogDerivedDataCache: Display: Loaded Boot cache: C:/Users/Saggitori/AppData/Local/UnrealEngine/4.17/DerivedDataCache/Boot.ddc
[2017.09.20-18.22.36:758][  0]LogDerivedDataCache: FDerivedDataBackendGraph:  Pak pak cache file ../../../../../../Users/Saggitori/Documents/ue4tutorials/HowTo_VTE/DerivedDataCache/DDC.ddp not found, will not use a pak cache.
[2017.09.20-18.22.36:758][  0]LogDerivedDataCache: Unable to find inner node Pak for hierarchical cache Hierarchy.
[2017.09.20-18.22.36:758][  0]LogDerivedDataCache: FDerivedDataBackendGraph:  CompressedPak pak cache file ../../../../../../Users/Saggitori/Documents/ue4tutorials/HowTo_VTE/DerivedDataCache/Compressed.ddp not found, will not use a pak cache.
[2017.09.20-18.22.36:758][  0]LogDerivedDataCache: Unable to find inner node CompressedPak for hierarchical cache Hierarchy.
[2017.09.20-18.22.36:778][  0]LogDerivedDataCache: Display: Pak cache opened for reading ../../../Engine/DerivedDataCache/Compressed.ddp.
[2017.09.20-18.22.36:790][  0]LogDerivedDataCache: Using Local data cache path C:/Users/Saggitori/AppData/Local/UnrealEngine/Common/DerivedDataCache: Writable
[2017.09.20-18.22.36:802][  0]LogMaterial: Verifying Global Shaders for PCD3D_SM5
[2017.09.20-18.22.36:802][  0]LogSlate: Using Freetype 2.6.0
[2017.09.20-18.22.36:802][  0]LogSlate: SlateFontCache - WITH_FREETYPE: 1, WITH_HARFBUZZ: 1
[2017.09.20-18.22.36:803][  0]LogSlate: SlateFontCache - WITH_FREETYPE: 1, WITH_HARFBUZZ: 1
[2017.09.20-18.22.37:102][  0]LogAssetRegistry: FAssetRegistry took 0.0260 seconds to start up
[2017.09.20-18.22.37:250][  0]LogInit: Selected Device Profile: [Windows]
[2017.09.20-18.22.37:432][  0]LogContentStreaming: Texture pool size is 0.00 MB
[2017.09.20-18.22.37:776][  0]LogSimplygon: Simplygon DLL not present - disabling.
[2017.09.20-18.22.37:823][  0]LogMeshReduction: Using SimplygonSwarm for distributed automatic mesh merging
[2017.09.20-18.22.37:823][  0]LogMeshReduction: Using QuadricMeshReduction for automatic static mesh reduction
[2017.09.20-18.22.37:823][  0]LogMeshReduction: No automatic skeletal mesh reduction module available
[2017.09.20-18.22.37:823][  0]LogMeshReduction: No automatic mesh merging module available
[2017.09.20-18.22.37:823][  0]LogMeshMerging: No automatic mesh merging module available
[2017.09.20-18.22.38:256][  0]LogNetVersion: HowTo_VTE , NetCL: 3573198, EngineNetVer: 2, GameNetVer: 0 (Checksum: 1641901134)
[2017.09.20-18.22.38:529][  0]LogPackageLocalizationCache: Processed 5 localized package path(s) for 2 prioritized culture(s) in 0.064569 seconds
[2017.09.20-18.22.38:537][  0]LogUObjectArray: 35825 objects as part of root set at end of initial load.
[2017.09.20-18.22.38:537][  0]LogUObjectAllocator: 7529104 out of 0 bytes used by permanent object pool.
[2017.09.20-18.22.38:537][  0]LogUObjectArray: CloseDisregardForGC: 0/0 objects in disregard for GC pool
[2017.09.20-18.22.38:606][  0]LogInit: WinSock: version 1.1 (2.2), MaxSocks=32767, MaxUdp=65467
[2017.09.20-18.22.41:600][  0]LogTcpMessaging: Initializing TcpMessaging bridge
[2017.09.20-18.22.41:645][  0]LogUdpMessaging: Initializing bridge on interface 0.0.0.0:0 to multicast group 230.0.0.1:6666.
[2017.09.20-18.22.42:521][  0]LogMaterial: Uniform references updated for custom material expression Custom.
[2017.09.20-18.22.42:995][  0]SourceControl: Source control is disabled
[2017.09.20-18.22.45:699][  0]LogAndroidPermission: UAndroidPermissionCallbackProxy::GetInstance
[2017.09.20-18.22.46:027][  0]LogOcInput: OculusInput pre-init called
[2017.09.20-18.22.46:393][  0]LogEngine: Initializing Engine...
[2017.09.20-18.22.46:396][  0]LogHMD: Failed to initialize OpenVR with code 110
[2017.09.20-18.22.46:698][  0]LogStats: UGameplayTagsManager::ConstructGameplayTagTree: Construct from data asset -  0.000 s
[2017.09.20-18.22.46:699][  0]LogStats: UGameplayTagsManager::ConstructGameplayTagTree: GameplayTagTreeChangedEvent.Broadcast -  0.000 s
[2017.09.20-18.22.46:870][  0]LogAIModule: Creating AISystem for world Untitled
[2017.09.20-18.22.46:877][  0]LogInit: XAudio2 using 'Speakers (Realtek High Definition Audio)' : 2 channels at 48 kHz using 32 bits per sample (channel mask 0x3)
[2017.09.20-18.22.46:896][  0]LogInit: FAudioDevice initialized.
[2017.09.20-18.22.48:890][  0]LogDerivedDataCache: Saved boot cache 1.99s 93MB C:/Users/Saggitori/AppData/Local/UnrealEngine/4.17/DerivedDataCache/Boot.ddc.
[2017.09.20-18.22.48:933][  0]LogInit: Texture streaming: Enabled
[2017.09.20-18.22.49:090][  0]LogEngineSessionManager: EngineSessionManager initialized
[2017.09.20-18.22.49:329][  0]LogInit: Transaction tracking system initialized
[2017.09.20-18.22.49:685][  0]BlueprintLog: New page: Editor Load
[2017.09.20-18.22.50:686][  0]LocalizationService: Localization service is disabled
[2017.09.20-18.22.51:478][  0]LogConsoleResponse: Display: 
[2017.09.20-18.22.51:729][  0]LogCook: Display: Max memory allowance for cook 16384mb min free memory 0mb
[2017.09.20-18.22.51:729][  0]LogCook: Display: Mobile HDR setting 1
[2017.09.20-18.22.51:729][  0]LogGameplayTags: Display: UGameplayTagsManager::DoneAddingNativeTags. DelegateIsBound: 0
[2017.09.20-18.22.52:892][  0]LogFileCache: Scanning file cache for directory 'C:/Users/Saggitori/Documents/ue4tutorials/HowTo_VTE/Content/' took 0.02s
[2017.09.20-18.22.52:944][  0]Cmd: MAP LOAD FILE="../../../../../../Users/Saggitori/Documents/ue4tutorials/HowTo_VTE/Content/StarterContent/Maps/Minimal_Default.umap" TEMPLATE=0 SHOWPROGRESS=1 FEATURELEVEL=3
[2017.09.20-18.22.52:948][  0]LightingResults: New page: Lighting Build
[2017.09.20-18.22.52:995][  0]MapCheck: New page: Map Check
[2017.09.20-18.22.52:995][  0]LightingResults: New page: Lighting Build
[2017.09.20-18.22.53:641][  0]LogAIModule: Creating AISystem for world Minimal_Default
[2017.09.20-18.22.53:660][  0]LogEditorServer: Finished looking for orphan Actors (0.000 secs)
[2017.09.20-18.22.53:684][  0]Cmd: MAP CHECKDEP NOCLEARLOG
[2017.09.20-18.22.53:747][  0]MapCheck: Map check complete: 0 Error(s), 0 Warning(s), took 63.14ms to complete.
[2017.09.20-18.22.53:747][  0]LogFileHelpers: Loading map 'Minimal_Default' took 0.803
[2017.09.20-18.22.54:022][  0]LogCollectionManager: Loaded 0 collections in 0.001981 seconds
[2017.09.20-18.22.54:106][  0]LogFileCache: Scanning file cache for directory 'C:/Users/Saggitori/Documents/ue4tutorials/HowTo_VTE/Saved/Collections/' took 0.01s
[2017.09.20-18.22.54:106][  0]LogFileCache: Scanning file cache for directory 'C:/Users/Saggitori/Documents/ue4tutorials/HowTo_VTE/Content/Developers/Saggitori/Collections/' took 0.01s
[2017.09.20-18.22.54:106][  0]LogFileCache: Scanning file cache for directory 'C:/Users/Saggitori/Documents/ue4tutorials/HowTo_VTE/Content/Collections/' took 0.01s
[2017.09.20-18.22.54:106][  0]LogCollectionManager: Rebuilt the GUID cache for 0 collections in 0.000000 seconds
[2017.09.20-18.22.54:118][  0]LogContentBrowser: Native class hierarchy populated in 0.0113 seconds. Added 2387 classes and 502 folders.
[2017.09.20-18.22.54:191][  0]LogContentBrowser: Native class hierarchy updated for 'WidgetCarousel' in 0.0019 seconds. Added 0 classes and 0 folders.
[2017.09.20-18.22.55:293][  0]LogContentBrowser: Native class hierarchy updated for 'AddContentDialog' in 0.0070 seconds. Added 0 classes and 0 folders.
[2017.09.20-18.22.55:413][  0]LogContentBrowser: Native class hierarchy updated for 'SceneOutliner' in 0.0019 seconds. Added 1 classes and 2 folders.
[2017.09.20-18.22.55:450][  0]LogSlate: Took 0.000231 seconds to synchronously load lazily loaded font '../../../Engine/Content/Slate/Fonts/Roboto-Regular.ttf' (155K)
[2017.09.20-18.22.55:452][  0]LogSlate: Took 0.000203 seconds to synchronously load lazily loaded font '../../../Engine/Content/Slate/Fonts/Roboto-Bold.ttf' (160K)
[2017.09.20-18.22.55:473][  0]LogSlate: Took 0.015454 seconds to synchronously load lazily loaded font '../../../Engine/Content/Editor/Slate/Fonts/FontAwesome.ttf' (139K)
[2017.09.20-18.22.55:640][  0]LogRenderer: Reallocating scene render targets to support 784x576 Format 10 NumSamples 1 (Frame:1).
[2017.09.20-18.22.55:854][  0]LogContentBrowser: Native class hierarchy updated for 'HierarchicalLODOutliner' in 0.0020 seconds. Added 1 classes and 2 folders.
[2017.09.20-18.22.55:854][  0]LogLoad: (Engine Initialization) Total time: 27.35 seconds
[2017.09.20-18.22.55:854][  0]LogLoad: (Engine Initialization) Total Blueprint compile time: 0.00 seconds
[2017.09.20-18.22.55:855][  0]LogExternalProfiler: No external profilers were discovered.  External profiling features will not be available.
[2017.09.20-18.22.56:217][  0]SourceControl: On branch master
[2017.09.20-18.22.56:217][  0]SourceControl: Changes to be committed:
[2017.09.20-18.22.56:217][  0]SourceControl:   (use "git reset HEAD <file>..." to unstage)
[2017.09.20-18.22.56:217][  0]SourceControl: 	new file:   HowTo_VTE/Binaries/Win64/HowTo_VTEEditor.target
[2017.09.20-18.22.56:217][  0]SourceControl: 	new file:   HowTo_VTE/Binaries/Win64/UE4Editor-HowTo_VTE.dll
[2017.09.20-18.22.56:217][  0]SourceControl: 	new file:   HowTo_VTE/Binaries/Win64/UE4Editor-HowTo_VTE.pdb
[2017.09.20-18.22.56:217][  0]SourceControl: 	new file:   HowTo_VTE/Binaries/Win64/UE4Editor.modules
[2017.09.20-18.22.56:217][  0]SourceControl: 	new file:   HowTo_VTE/Config/DefaultEditor.ini
[2017.09.20-18.22.56:217][  0]SourceControl: 	new file:   HowTo_VTE/Config/DefaultEngine.ini
[2017.09.20-18.22.56:217][  0]SourceControl: 	new file:   HowTo_VTE/Config/DefaultGame.ini
[2017.09.20-18.22.56:217][  0]SourceControl: Untracked files:
[2017.09.20-18.22.56:217][  0]SourceControl:   (use "git add <file>..." to include in what will be committed)
[2017.09.20-18.22.56:217][  0]SourceControl: 	HowTo_VTE/.vs/
[2017.09.20-18.22.56:217][  0]SourceControl: 	HowTo_VTE/Content/
[2017.09.20-18.22.56:217][  0]SourceControl: 	HowTo_VTE/HowTo_VTE.sln
[2017.09.20-18.22.56:218][  0]SourceControl: 	HowTo_VTE/Intermediate/
[2017.09.20-18.22.56:218][  0]SourceControl: 	HowTo_VTE/Saved/
[2017.09.20-18.22.56:218][  0]SourceControl: 	HowTo_VTE/Source/
[2017.09.20-18.22.56:219][  0]LogContentStreaming: Texture pool size now 1000 MB
[2017.09.20-18.22.56:327][  0]LogSlate: Took 0.011624 seconds to synchronously load lazily loaded font '../../../Engine/Content/Slate/Fonts/Roboto-Light.ttf' (159K)
[2017.09.20-18.22.57:544][  4]LogAssetRegistry: Asset discovery search completed in 20.4641 seconds
[2017.09.20-18.22.57:551][  4]LogCollectionManager: Rebuilt the object cache for 0 collections in 0.000001 seconds (found 0 objects)
[2017.09.20-18.22.57:551][  4]LogCollectionManager: Fixed up redirectors for 0 collections in 0.000184 seconds (updated 0 objects)
[2017.09.20-18.36.43:029][ 44]LogSlate: Took 0.000173 seconds to synchronously load lazily loaded font '../../../Engine/Content/Slate/Fonts/Roboto-Light.ttf' (159K)
[2017.09.20-18.36.43:090][ 44]LogSlate: Took 0.004652 seconds to synchronously load lazily loaded font '../../../Engine/Content/Editor/Slate/Fonts/Roboto-BoldCondensed.ttf' (158K)
[2017.09.20-18.36.55:686][ 56]Running C:/Program Files/Epic Games/UE_4.17/Engine/Binaries/DotNET/UnrealBuildTool.exe  -projectfiles -project="C:/Users/Saggitori/Documents/ue4tutorials/HowTo_VTE/HowTo_VTE.uproject" -game -rocket -progress
[2017.09.20-18.36.55:989][ 56]Discovering modules, targets and source code for project...
[2017.09.20-18.36.59:603][ 56]LogSlate: Took 0.000222 seconds to synchronously load lazily loaded font '../../../Engine/Content/Slate/Fonts/Roboto-Regular.ttf' (155K)
[2017.09.20-18.37.02:254][ 56]SourceControl: Error: fatal: Unable to create 'C:/Users/Saggitori/Documents/ue4tutorials/.git/index.lock': File exists.
[2017.09.20-18.37.02:254][ 56]SourceControl: Error: Another git process seems to be running in this repository, e.g.
[2017.09.20-18.37.02:254][ 56]SourceControl: Error: an editor opened by 'git commit'. Please make sure all processes
[2017.09.20-18.37.02:254][ 56]SourceControl: Error: are terminated then try again. If it still fails, a git process
[2017.09.20-18.37.02:254][ 56]SourceControl: Error: may have crashed in this repository earlier:
[2017.09.20-18.37.02:254][ 56]SourceControl: Error: remove the file manually to continue.
[2017.09.20-18.37.02:259][ 56]LogVSAccessor: Warning: Couldn't access Visual Studio
[2017.09.20-18.37.02:299][ 56]Candidate modules for hot reload:
[2017.09.20-18.37.02:299][ 56]  HowTo_VTE
[2017.09.20-18.37.02:299][ 56]Launching UnrealBuildTool... [C:/Program Files/Epic Games/UE_4.17/Engine/Binaries/DotNET/UnrealBuildTool.exe HowTo_VTE -ModuleWithSuffix HowTo_VTE 1024 Win64 Development -editorrecompile -canskiplink "C:/Users/Saggitori/Documents/ue4tutorials/HowTo_VTE/HowTo_VTE.uproject" ]
[2017.09.20-18.39.02:489][ 56]CompilerResultsLog: New page: Compilation - Sep 20, 2017, 10:39:02 AM
[2017.09.20-18.39.02:489][ 56]CompilerResultsLog: Performing full C++ include scan (hot reloading a new target)
[2017.09.20-18.39.02:490][ 56]CompilerResultsLog: Compiling game modules for hot reload
[2017.09.20-18.39.02:490][ 56]CompilerResultsLog: Parsing headers for HowTo_VTEEditor
[2017.09.20-18.39.02:490][ 56]CompilerResultsLog:   Running UnrealHeaderTool "C:\Users\Saggitori\Documents\ue4tutorials\HowTo_VTE\HowTo_VTE.uproject" "C:\Users\Saggitori\Documents\ue4tutorials\HowTo_VTE\Intermediate\Build\Win64\HowTo_VTEEditor\Development\HowTo_VTEEditor.uhtmanifest" -LogCmds="loginit warning, logexit warning, logdatabase error" -Unattended -WarningsAsErrors -installed
[2017.09.20-18.39.02:490][ 56]CompilerResultsLog: Reflection code generated for HowTo_VTEEditor in 10.0664389 seconds
[2017.09.20-18.39.02:490][ 56]CompilerResultsLog: Distributing 5 actions to XGE
[2017.09.20-18.39.02:490][ 56]CompilerResultsLog: --------------------Build System Warning---------------------------------------
[2017.09.20-18.39.02:490][ 56]CompilerResultsLog: License is invalid:
[2017.09.20-18.39.02:490][ 56]CompilerResultsLog:     License information is invalid. Please try reloading your license file using the Coordinator Monitor application on the Coordinator machine, or reinstall IncrediBuild.
[2017.09.20-18.39.02:490][ 56]CompilerResultsLog:     This build will run in standalone mode.
[2017.09.20-18.39.02:490][ 56]CompilerResultsLog: 
[2017.09.20-18.39.02:490][ 56]CompilerResultsLog: -------------------------------------------------------------------------------
[2017.09.20-18.39.02:490][ 56]CompilerResultsLog: --------------------Project: Default-------------------------------------------
[2017.09.20-18.39.02:490][ 56]CompilerResultsLog: Countdown.cpp (0:00.53 at +0:00)
[2017.09.20-18.39.02:490][ 56]CompilerResultsLog: Countdown.gen.cpp (0:00.65 at +0:00)
[2017.09.20-18.39.02:490][ 56]CompilerResultsLog: HowTo_VTE.init.gen.cpp (0:00.48 at +0:01)
[2017.09.20-18.39.02:490][ 56]CompilerResultsLog: UE4Editor-HowTo_VTE-1024.dll (0:01.26 at +0:01)
[2017.09.20-18.39.02:490][ 56]CompilerResultsLog:    Creating library C:\Users\Saggitori\Documents\ue4tutorials\HowTo_VTE\Intermediate\Build\Win64\UE4Editor\Development\UE4Editor-HowTo_VTE-1024.suppressed.lib and object C:\Users\Saggitori\Documents\ue4tutorials\HowTo_VTE\Intermediate\Build\Win64\UE4Editor\Development\UE4Editor-HowTo_VTE-1024.suppressed.exp
[2017.09.20-18.39.02:490][ 56]CompilerResultsLog: UE4Editor-HowTo_VTE-1024.lib (0:00.10 at +0:02)
[2017.09.20-18.39.02:490][ 56]CompilerResultsLog:    Creating library C:\Users\Saggitori\Documents\ue4tutorials\HowTo_VTE\Intermediate\Build\Win64\UE4Editor\Development\UE4Editor-HowTo_VTE-1024.lib and object C:\Users\Saggitori\Documents\ue4tutorials\HowTo_VTE\Intermediate\Build\Win64\UE4Editor\Development\UE4Editor-HowTo_VTE-1024.exp
[2017.09.20-18.39.02:490][ 56]CompilerResultsLog: ---------------------- Done ----------------------
[2017.09.20-18.39.02:490][ 56]CompilerResultsLog: 
[2017.09.20-18.39.02:490][ 56]CompilerResultsLog:     Rebuild All: 1 succeeded, 0 failed, 0 skipped
[2017.09.20-18.39.02:490][ 56]CompilerResultsLog: 
[2017.09.20-18.39.02:490][ 56]CompilerResultsLog: 1 build system warning(s):
[2017.09.20-18.39.02:490][ 56]CompilerResultsLog:    - License is invalid
[2017.09.20-18.39.02:490][ 56]CompilerResultsLog: 
[2017.09.20-18.39.02:490][ 56]CompilerResultsLog: 
[2017.09.20-18.39.02:490][ 56]CompilerResultsLog: 
[2017.09.20-18.39.02:490][ 56]CompilerResultsLog: Total build time: 119.92 seconds (XGE executor: 4.15 seconds)
[2017.09.20-18.39.02:490][ 56]LogMainFrame: MainFrame: Module compiling took 120.232 seconds
[2017.09.20-18.39.02:606][ 56]LogClass: Could not find existing class Countdown in package /Script/HowTo_VTE for HotReload, assuming new class
[2017.09.20-18.39.02:610][ 56]LogContentBrowser: Native class hierarchy updated for 'HowTo_VTE' in 0.0021 seconds. Added 2 classes and 2 folders.
[2017.09.20-18.39.02:612][ 56]Display: HotReload successful (0 functions remapped  0 scriptstructs remapped)
[2017.09.20-18.39.02:674][ 56]LogContentBrowser: Native class hierarchy populated in 0.0121 seconds. Added 2390 classes and 506 folders.
[2017.09.20-18.39.02:729][ 56]Display: HotReload took 120.5s.
[2017.09.20-18.39.02:733][ 56]Warning: HotReload operation took 120.5s.
[2017.09.20-18.39.02:824][ 56]LogHotReload: New module detected: UE4Editor-HowTo_VTE-1024.dll
[2017.09.20-18.39.02:856][ 57]LogHotReload: Starting Hot-Reload from IDE
[2017.09.20-18.39.02:974][ 57]LogContentBrowser: Native class hierarchy updated for 'HowTo_VTE' in 0.0020 seconds. Added 2 classes and 2 folders.
[2017.09.20-18.39.02:976][ 57]Display: HotReload successful (0 functions remapped  0 scriptstructs remapped)
[2017.09.20-18.39.02:992][ 57]LogContentBrowser: Native class hierarchy populated in 0.0119 seconds. Added 2390 classes and 506 folders.
[2017.09.20-18.39.02:997][ 57]Display: HotReload took  0.1s.
[2017.09.20-18.39.23:140][ 78]LogVSAccessor: Warning: Visual Studio is open but could not be queried - it may be blocked by a modal operation
[2017.09.20-18.39.24:719][ 79]LogVSAccessor: Warning: Couldn't goto line number '0' in 'C:/Users/Saggitori/Documents/ue4tutorials/HowTo_VTE/Source/HowTo_VTE/Countdown.h'
[2017.09.20-18.39.25:634][ 79]LogVSAccessor: Warning: Couldn't goto line number '0' in 'C:/Users/Saggitori/Documents/ue4tutorials/HowTo_VTE/Source/HowTo_VTE/Countdown.cpp'
[2017.09.20-18.59.30:709][818]LogUObjectGlobals: Warning: Failed to find object 'Object /Script/HowTo_VTE.HowTo_VTEGameMode'
[2017.09.20-18.59.31:644][921]Candidate modules for hot reload:
[2017.09.20-18.59.31:644][921]  HowTo_VTE
[2017.09.20-18.59.31:644][921]Launching UnrealBuildTool... [C:/Program Files/Epic Games/UE_4.17/Engine/Binaries/DotNET/UnrealBuildTool.exe HowTo_VTE -ModuleWithSuffix HowTo_VTE 1576 Win64 Development -editorrecompile -canskiplink "C:/Users/Saggitori/Documents/ue4tutorials/HowTo_VTE/HowTo_VTE.uproject" ]
[2017.09.20-18.59.31:647][921]Warning: Starting HotReload took  0.0s.
[2017.09.20-19.00.00:193][ 49]CompilerResultsLog: New page: Compilation - Sep 20, 2017, 11:00:00 AM
[2017.09.20-19.00.00:194][ 49]CompilerResultsLog: Compiling game modules for hot reload
[2017.09.20-19.00.00:194][ 49]CompilerResultsLog: Parsing headers for HowTo_VTEEditor
[2017.09.20-19.00.00:194][ 49]CompilerResultsLog:   Running UnrealHeaderTool "C:\Users\Saggitori\Documents\ue4tutorials\HowTo_VTE\HowTo_VTE.uproject" "C:\Users\Saggitori\Documents\ue4tutorials\HowTo_VTE\Intermediate\Build\Win64\HowTo_VTEEditor\Development\HowTo_VTEEditor.uhtmanifest" -LogCmds="loginit warning, logexit warning, logdatabase error" -Unattended -WarningsAsErrors -installed
[2017.09.20-19.00.00:194][ 49]CompilerResultsLog: Reflection code generated for HowTo_VTEEditor in 16.321748 seconds
[2017.09.20-19.00.00:194][ 49]CompilerResultsLog: Distributing 4 actions to XGE
[2017.09.20-19.00.00:194][ 49]CompilerResultsLog: --------------------Build System Warning---------------------------------------
[2017.09.20-19.00.00:194][ 49]CompilerResultsLog: License is invalid:
[2017.09.20-19.00.00:194][ 49]CompilerResultsLog:     License information is invalid. Please try reloading your license file using the Coordinator Monitor application on the Coordinator machine, or reinstall IncrediBuild.
[2017.09.20-19.00.00:194][ 49]CompilerResultsLog:     This build will run in standalone mode.
[2017.09.20-19.00.00:194][ 49]CompilerResultsLog: 
[2017.09.20-19.00.00:194][ 49]CompilerResultsLog: -------------------------------------------------------------------------------
[2017.09.20-19.00.00:194][ 49]CompilerResultsLog: --------------------Project: Default-------------------------------------------
[2017.09.20-19.00.00:194][ 49]CompilerResultsLog: Countdown.cpp (0:00.50 at +0:00)
[2017.09.20-19.00.00:194][ 49]CompilerResultsLog: Error: c:\users\saggitori\documents\ue4tutorials\howto_vte\source\howto_vte\Countdown.h(27) : error C2143: syntax error: missing ';' before '*'
[2017.09.20-19.00.00:194][ 49]CompilerResultsLog: Error: c:\users\saggitori\documents\ue4tutorials\howto_vte\source\howto_vte\Countdown.h(27) : error C4430: missing type specifier - int assumed. Note: C++ does not support default-int
[2017.09.20-19.00.00:194][ 49]CompilerResultsLog: Error: c:\users\saggitori\documents\ue4tutorials\howto_vte\source\howto_vte\Countdown.h(27) : error C2238: unexpected token(s) preceding ';'
[2017.09.20-19.00.00:194][ 49]CompilerResultsLog: Error: C:\Users\Saggitori\Documents\ue4tutorials\HowTo_VTE\Source\HowTo_VTE\Countdown.cpp(12) : error C2065: 'CountdownText': undeclared identifier
[2017.09.20-19.00.00:194][ 49]CompilerResultsLog: Error: C:\Users\Saggitori\Documents\ue4tutorials\HowTo_VTE\Source\HowTo_VTE\Countdown.cpp(12) : error C2065: 'UTextRenderComponent': undeclared identifier
[2017.09.20-19.00.00:194][ 49]CompilerResultsLog: Error: C:\Users\Saggitori\Documents\ue4tutorials\HowTo_VTE\Source\HowTo_VTE\Countdown.cpp(12) : error C2672: 'UObject::CreateDefaultSubobject': no matching overloaded function found
[2017.09.20-19.00.00:194][ 49]CompilerResultsLog: Error: C:\Users\Saggitori\Documents\ue4tutorials\HowTo_VTE\Source\HowTo_VTE\Countdown.cpp(12) : error C2974: 'UObject::CreateDefaultSubobject': invalid template argument for 'TReturnType', type expected
[2017.09.20-19.00.00:194][ 49]CompilerResultsLog: Error: C:\Program Files\Epic Games\UE_4.17\Engine\Source\Runtime\CoreUObject\Public\UObject/Object.h(95) : note: see declaration of 'UObject::CreateDefaultSubobject'
[2017.09.20-19.00.00:194][ 49]CompilerResultsLog: Error: C:\Users\Saggitori\Documents\ue4tutorials\HowTo_VTE\Source\HowTo_VTE\Countdown.cpp(13) : error C2065: 'CountdownText': undeclared identifier
[2017.09.20-19.00.00:194][ 49]CompilerResultsLog: Error: C:\Users\Saggitori\Documents\ue4tutorials\HowTo_VTE\Source\HowTo_VTE\Countdown.cpp(13) : error C2227: left of '->SetHorizontalAlignment' must point to class/struct/union/generic type
[2017.09.20-19.00.00:194][ 49]CompilerResultsLog: Error: C:\Users\Saggitori\Documents\ue4tutorials\HowTo_VTE\Source\HowTo_VTE\Countdown.cpp(13) : note: type is 'unknown-type'
[2017.09.20-19.00.00:195][ 49]CompilerResultsLog: Error: C:\Users\Saggitori\Documents\ue4tutorials\HowTo_VTE\Source\HowTo_VTE\Countdown.cpp(13) : error C2065: 'EHTA_CENTER': undeclared identifier
[2017.09.20-19.00.00:195][ 49]CompilerResultsLog: Error: C:\Users\Saggitori\Documents\ue4tutorials\HowTo_VTE\Source\HowTo_VTE\Countdown.cpp(14) : error C2065: 'CountdownText': undeclared identifier
[2017.09.20-19.00.00:195][ 49]CompilerResultsLog: Error: C:\Users\Saggitori\Documents\ue4tutorials\HowTo_VTE\Source\HowTo_VTE\Countdown.cpp(14) : error C2227: left of '->SetWorldSize' must point to class/struct/union/generic type
[2017.09.20-19.00.00:195][ 49]CompilerResultsLog: Error: C:\Users\Saggitori\Documents\ue4tutorials\HowTo_VTE\Source\HowTo_VTE\Countdown.cpp(14) : note: type is 'unknown-type'
[2017.09.20-19.00.00:195][ 49]CompilerResultsLog: Error: C:\Users\Saggitori\Documents\ue4tutorials\HowTo_VTE\Source\HowTo_VTE\Countdown.cpp(15) : error C2065: 'CountdownText': undeclared identifier
[2017.09.20-19.00.00:195][ 49]CompilerResultsLog: Error: C:\Users\Saggitori\Documents\ue4tutorials\HowTo_VTE\Source\HowTo_VTE\Countdown.cpp(23) : error C2065: 'CountdownText': undeclared identifier
[2017.09.20-19.00.00:195][ 49]CompilerResultsLog: Error: C:\Users\Saggitori\Documents\ue4tutorials\HowTo_VTE\Source\HowTo_VTE\Countdown.cpp(23) : error C2227: left of '->SetText' must point to class/struct/union/generic type
[2017.09.20-19.00.00:195][ 49]CompilerResultsLog: Error: C:\Users\Saggitori\Documents\ue4tutorials\HowTo_VTE\Source\HowTo_VTE\Countdown.cpp(23) : note: type is 'unknown-type'
[2017.09.20-19.00.00:195][ 49]CompilerResultsLog: Error: C:\Users\Saggitori\Documents\ue4tutorials\HowTo_VTE\Source\HowTo_VTE\Countdown.cpp(30) : error C2065: 'Countdown': undeclared identifier
[2017.09.20-19.00.00:195][ 49]CompilerResultsLog: Error: C:\Users\Saggitori\Documents\ue4tutorials\HowTo_VTE\Source\HowTo_VTE\Countdown.cpp(41) : error C2227: left of '->SetText' must point to class/struct/union/generic type
[2017.09.20-19.00.00:195][ 49]CompilerResultsLog: 
[2017.09.20-19.00.00:195][ 49]CompilerResultsLog: Error executing C:\Program Files (x86)\Microsoft Visual Studio\2017\Community\VC\Tools\MSVC\14.11.25503\bin\HostX64\x64\cl.exe (tool returned code: 2)
[2017.09.20-19.00.00:195][ 49]CompilerResultsLog: ---------------------- Done ----------------------
[2017.09.20-19.00.00:195][ 49]CompilerResultsLog: 
[2017.09.20-19.00.00:195][ 49]CompilerResultsLog:     Rebuild All: 0 succeeded, 1 failed, 0 skipped
[2017.09.20-19.00.00:195][ 49]CompilerResultsLog: 
[2017.09.20-19.00.00:195][ 49]CompilerResultsLog: 1 build system warning(s):
[2017.09.20-19.00.00:195][ 49]CompilerResultsLog:    - License is invalid
[2017.09.20-19.00.00:195][ 49]CompilerResultsLog: 
[2017.09.20-19.00.00:195][ 49]CompilerResultsLog: 
[2017.09.20-19.00.00:195][ 49]CompilerResultsLog: 
[2017.09.20-19.00.00:195][ 49]CompilerResultsLog: ERROR: UBT ERROR: Failed to produce item: C:\Users\Saggitori\Documents\ue4tutorials\HowTo_VTE\Binaries\Win64\UE4Editor-HowTo_VTE-1576.dll
[2017.09.20-19.00.00:195][ 49]CompilerResultsLog: Total build time: 28.16 seconds (XGE executor: 0.00 seconds)
[2017.09.20-19.00.00:195][ 49]LogMainFrame: MainFrame: Module compiling took 28.556 seconds
[2017.09.20-19.00.00:195][ 49]Warning: HotReload failed, recompile failed
[2017.09.20-19.00.08:151][246]LogVSAccessor: Warning: Couldn't goto line number '27' in 'c:\users\saggitori\documents\ue4tutorials\howto_vte\source\howto_vte\Countdown.h'
[2017.09.20-19.10.11:516][855]Candidate modules for hot reload:
[2017.09.20-19.10.11:516][855]  HowTo_VTE
[2017.09.20-19.10.11:516][855]Launching UnrealBuildTool... [C:/Program Files/Epic Games/UE_4.17/Engine/Binaries/DotNET/UnrealBuildTool.exe HowTo_VTE -ModuleWithSuffix HowTo_VTE 5002 Win64 Development -editorrecompile -canskiplink "C:/Users/Saggitori/Documents/ue4tutorials/HowTo_VTE/HowTo_VTE.uproject" ]
[2017.09.20-19.10.11:518][855]Warning: Starting HotReload took  0.0s.
[2017.09.20-19.10.29:101][340]CompilerResultsLog: New page: Compilation - Sep 20, 2017, 11:10:29 AM
[2017.09.20-19.10.29:101][340]CompilerResultsLog: Compiling game modules for hot reload
[2017.09.20-19.10.29:101][340]CompilerResultsLog: Parsing headers for HowTo_VTEEditor
[2017.09.20-19.10.29:101][340]CompilerResultsLog:   Running UnrealHeaderTool "C:\Users\Saggitori\Documents\ue4tutorials\HowTo_VTE\HowTo_VTE.uproject" "C:\Users\Saggitori\Documents\ue4tutorials\HowTo_VTE\Intermediate\Build\Win64\HowTo_VTEEditor\Development\HowTo_VTEEditor.uhtmanifest" -LogCmds="loginit warning, logexit warning, logdatabase error" -Unattended -WarningsAsErrors -installed
[2017.09.20-19.10.29:101][340]CompilerResultsLog: LogCompile: Error: #include found after .generated.h file - the .generated.h file should always be the last #include in a header
[2017.09.20-19.10.29:101][340]CompilerResultsLog: LogCompile: Error: No #include found for the .generated.h file - the .generated.h file should always be the last #include in a header
[2017.09.20-19.10.29:101][340]CompilerResultsLog: Error: UnrealHeaderTool failed for target 'HowTo_VTEEditor' (platform: Win64, module info: C:\Users\Saggitori\Documents\ue4tutorials\HowTo_VTE\Intermediate\Build\Win64\HowTo_VTEEditor\Development\HowTo_VTEEditor.uhtmanifest, exit code: OtherCompilationError (5)).
[2017.09.20-19.10.29:101][340]LogMainFrame: MainFrame: Module compiling took 17.590 seconds
[2017.09.20-19.10.29:102][340]Warning: HotReload failed, recompile failed
[2017.09.20-19.11.28:364][728]Candidate modules for hot reload:
[2017.09.20-19.11.28:364][728]  HowTo_VTE
[2017.09.20-19.11.28:364][728]Launching UnrealBuildTool... [C:/Program Files/Epic Games/UE_4.17/Engine/Binaries/DotNET/UnrealBuildTool.exe HowTo_VTE -ModuleWithSuffix HowTo_VTE 8712 Win64 Development -editorrecompile -canskiplink "C:/Users/Saggitori/Documents/ue4tutorials/HowTo_VTE/HowTo_VTE.uproject" ]
[2017.09.20-19.11.28:367][728]Warning: Starting HotReload took  0.0s.
[2017.09.20-19.11.46:655][350]CompilerResultsLog: New page: Compilation - Sep 20, 2017, 11:11:46 AM
[2017.09.20-19.11.46:655][350]CompilerResultsLog: Compiling game modules for hot reload
[2017.09.20-19.11.46:655][350]CompilerResultsLog: Parsing headers for HowTo_VTEEditor
[2017.09.20-19.11.46:655][350]CompilerResultsLog:   Running UnrealHeaderTool "C:\Users\Saggitori\Documents\ue4tutorials\HowTo_VTE\HowTo_VTE.uproject" "C:\Users\Saggitori\Documents\ue4tutorials\HowTo_VTE\Intermediate\Build\Win64\HowTo_VTEEditor\Development\HowTo_VTEEditor.uhtmanifest" -LogCmds="loginit warning, logexit warning, logdatabase error" -Unattended -WarningsAsErrors -installed
[2017.09.20-19.11.46:655][350]CompilerResultsLog: LogCompile: Error: #include found after .generated.h file - the .generated.h file should always be the last #include in a header
[2017.09.20-19.11.46:655][350]CompilerResultsLog: LogCompile: Error: No #include found for the .generated.h file - the .generated.h file should always be the last #include in a header
[2017.09.20-19.11.46:655][350]LogMainFrame: MainFrame: Module compiling took 18.295 seconds
[2017.09.20-19.11.46:655][350]Warning: HotReload failed, recompile failed
[2017.09.20-19.11.49:409][507]Candidate modules for hot reload:
[2017.09.20-19.11.49:409][507]  HowTo_VTE
[2017.09.20-19.11.49:409][507]Launching UnrealBuildTool... [C:/Program Files/Epic Games/UE_4.17/Engine/Binaries/DotNET/UnrealBuildTool.exe HowTo_VTE -ModuleWithSuffix HowTo_VTE 1359 Win64 Development -editorrecompile -canskiplink "C:/Users/Saggitori/Documents/ue4tutorials/HowTo_VTE/HowTo_VTE.uproject" ]
[2017.09.20-19.11.49:412][507]Warning: Starting HotReload took  0.0s.
[2017.09.20-19.12.15:097][ 46]CompilerResultsLog: New page: Compilation - Sep 20, 2017, 11:12:15 AM
[2017.09.20-19.12.15:097][ 46]CompilerResultsLog: Compiling game modules for hot reload
[2017.09.20-19.12.15:097][ 46]CompilerResultsLog: Performing full C++ include scan (no include cache file)
[2017.09.20-19.12.15:097][ 46]CompilerResultsLog: Parsing headers for HowTo_VTEEditor
[2017.09.20-19.12.15:097][ 46]CompilerResultsLog:   Running UnrealHeaderTool "C:\Users\Saggitori\Documents\ue4tutorials\HowTo_VTE\HowTo_VTE.uproject" "C:\Users\Saggitori\Documents\ue4tutorials\HowTo_VTE\Intermediate\Build\Win64\HowTo_VTEEditor\Development\HowTo_VTEEditor.uhtmanifest" -LogCmds="loginit warning, logexit warning, logdatabase error" -Unattended -WarningsAsErrors -installed
[2017.09.20-19.12.15:097][ 46]CompilerResultsLog: LogCompile: Error: #include found after .generated.h file - the .generated.h file should always be the last #include in a header
[2017.09.20-19.12.15:097][ 46]CompilerResultsLog: LogCompile: Error: No #include found for the .generated.h file - the .generated.h file should always be the last #include in a header
[2017.09.20-19.12.15:097][ 46]CompilerResultsLog: Error: UnrealHeaderTool failed for target 'HowTo_VTEEditor' (platform: Win64, module info: C:\Users\Saggitori\Documents\ue4tutorials\HowTo_VTE\Intermediate\Build\Win64\HowTo_VTEEditor\Development\HowTo_VTEEditor.uhtmanifest, exit code: OtherCompilationError (5)).
[2017.09.20-19.12.15:097][ 46]LogMainFrame: MainFrame: Module compiling took 25.692 seconds
[2017.09.20-19.12.15:097][ 46]Warning: HotReload failed, recompile failed
[2017.09.20-19.13.52:613][142]Candidate modules for hot reload:
[2017.09.20-19.13.52:613][142]  HowTo_VTE
[2017.09.20-19.13.52:613][142]Launching UnrealBuildTool... [C:/Program Files/Epic Games/UE_4.17/Engine/Binaries/DotNET/UnrealBuildTool.exe HowTo_VTE -ModuleWithSuffix HowTo_VTE 9716 Win64 Development -editorrecompile -canskiplink "C:/Users/Saggitori/Documents/ue4tutorials/HowTo_VTE/HowTo_VTE.uproject" ]
[2017.09.20-19.13.52:616][142]Warning: Starting HotReload took  0.0s.
[2017.09.20-19.14.22:079][627]CompilerResultsLog: New page: Compilation - Sep 20, 2017, 11:14:22 AM
[2017.09.20-19.14.22:080][627]CompilerResultsLog: Compiling game modules for hot reload
[2017.09.20-19.14.22:080][627]CompilerResultsLog: Parsing headers for HowTo_VTEEditor
[2017.09.20-19.14.22:081][627]CompilerResultsLog:   Running UnrealHeaderTool "C:\Users\Saggitori\Documents\ue4tutorials\HowTo_VTE\HowTo_VTE.uproject" "C:\Users\Saggitori\Documents\ue4tutorials\HowTo_VTE\Intermediate\Build\Win64\HowTo_VTEEditor\Development\HowTo_VTEEditor.uhtmanifest" -LogCmds="loginit warning, logexit warning, logdatabase error" -Unattended -WarningsAsErrors -installed
[2017.09.20-19.14.22:081][627]CompilerResultsLog: Reflection code generated for HowTo_VTEEditor in 15.9004546 seconds
[2017.09.20-19.14.22:081][627]CompilerResultsLog: Distributing 4 actions to XGE
[2017.09.20-19.14.22:081][627]CompilerResultsLog: --------------------Build System Warning---------------------------------------
[2017.09.20-19.14.22:081][627]CompilerResultsLog: License is invalid:
[2017.09.20-19.14.22:081][627]CompilerResultsLog:     License information is invalid. Please try reloading your license file using the Coordinator Monitor application on the Coordinator machine, or reinstall IncrediBuild.
[2017.09.20-19.14.22:081][627]CompilerResultsLog:     This build will run in standalone mode.
[2017.09.20-19.14.22:081][627]CompilerResultsLog: 
[2017.09.20-19.14.22:082][627]CompilerResultsLog: -------------------------------------------------------------------------------
[2017.09.20-19.14.22:082][627]CompilerResultsLog: --------------------Project: Default-------------------------------------------
[2017.09.20-19.14.22:082][627]CompilerResultsLog: Countdown.cpp (0:00.67 at +0:00)
[2017.09.20-19.14.22:082][627]CompilerResultsLog: Error: C:\Users\Saggitori\Documents\ue4tutorials\HowTo_VTE\Source\HowTo_VTE\Countdown.cpp(13) : error C2027: use of undefined type 'UTextRenderComponent'
[2017.09.20-19.14.22:082][627]CompilerResultsLog: Error: C:\Program Files\Epic Games\UE_4.17\Engine\Source\Runtime\Engine\Classes\Engine/TextRenderActor.h(26) : note: see declaration of 'UTextRenderComponent'
[2017.09.20-19.14.22:082][627]CompilerResultsLog: Error: C:\Users\Saggitori\Documents\ue4tutorials\HowTo_VTE\Source\HowTo_VTE\Countdown.cpp(13) : error C2227: left of '->SetHorizontalAlignment' must point to class/struct/union/generic type
[2017.09.20-19.14.22:082][627]CompilerResultsLog: Error: C:\Users\Saggitori\Documents\ue4tutorials\HowTo_VTE\Source\HowTo_VTE\Countdown.cpp(13) : error C2065: 'EHTA_CENTER': undeclared identifier
[2017.09.20-19.14.22:083][627]CompilerResultsLog: Error: C:\Users\Saggitori\Documents\ue4tutorials\HowTo_VTE\Source\HowTo_VTE\Countdown.cpp(14) : error C2027: use of undefined type 'UTextRenderComponent'
[2017.09.20-19.14.22:083][627]CompilerResultsLog: Error: C:\Program Files\Epic Games\UE_4.17\Engine\Source\Runtime\Engine\Classes\Engine/TextRenderActor.h(26) : note: see declaration of 'UTextRenderComponent'
[2017.09.20-19.14.22:083][627]CompilerResultsLog: Error: C:\Users\Saggitori\Documents\ue4tutorials\HowTo_VTE\Source\HowTo_VTE\Countdown.cpp(14) : error C2227: left of '->SetWorldSize' must point to class/struct/union/generic type
[2017.09.20-19.14.22:083][627]CompilerResultsLog: Error: C:\Users\Saggitori\Documents\ue4tutorials\HowTo_VTE\Source\HowTo_VTE\Countdown.cpp(15) : error C2440: '=': cannot convert from 'UTextRenderComponent *' to 'USceneComponent *'
[2017.09.20-19.14.22:083][627]CompilerResultsLog: Error: C:\Users\Saggitori\Documents\ue4tutorials\HowTo_VTE\Source\HowTo_VTE\Countdown.cpp(15) : note: Types pointed to are unrelated; conversion requires reinterpret_cast, C-style cast or function-style cast
[2017.09.20-19.14.22:083][627]CompilerResultsLog: Error: C:\Users\Saggitori\Documents\ue4tutorials\HowTo_VTE\Source\HowTo_VTE\Countdown.cpp(23) : error C2027: use of undefined type 'UTextRenderComponent'
[2017.09.20-19.14.22:083][627]CompilerResultsLog: Error: C:\Program Files\Epic Games\UE_4.17\Engine\Source\Runtime\Engine\Classes\Engine/TextRenderActor.h(26) : note: see declaration of 'UTextRenderComponent'
[2017.09.20-19.14.22:083][627]CompilerResultsLog: Error: C:\Users\Saggitori\Documents\ue4tutorials\HowTo_VTE\Source\HowTo_VTE\Countdown.cpp(23) : error C2227: left of '->SetText' must point to class/struct/union/generic type
[2017.09.20-19.14.22:083][627]CompilerResultsLog: Error: C:\Users\Saggitori\Documents\ue4tutorials\HowTo_VTE\Source\HowTo_VTE\Countdown.cpp(30) : error C2065: 'Countdown': undeclared identifier
[2017.09.20-19.14.22:083][627]CompilerResultsLog: Error: C:\Users\Saggitori\Documents\ue4tutorials\HowTo_VTE\Source\HowTo_VTE\Countdown.cpp(41) : error C2227: left of '->SetText' must point to class/struct/union/generic type
[2017.09.20-19.14.22:083][627]CompilerResultsLog: 
[2017.09.20-19.14.22:083][627]CompilerResultsLog: Error executing C:\Program Files (x86)\Microsoft Visual Studio\2017\Community\VC\Tools\MSVC\14.11.25503\bin\HostX64\x64\cl.exe (tool returned code: 2)
[2017.09.20-19.14.22:083][627]CompilerResultsLog: ---------------------- Done ----------------------
[2017.09.20-19.14.22:083][627]CompilerResultsLog: 
[2017.09.20-19.14.22:083][627]CompilerResultsLog:     Rebuild All: 0 succeeded, 1 failed, 0 skipped
[2017.09.20-19.14.22:084][627]CompilerResultsLog: 
[2017.09.20-19.14.22:084][627]CompilerResultsLog: 1 build system warning(s):
[2017.09.20-19.14.22:084][627]CompilerResultsLog:    - License is invalid
[2017.09.20-19.14.22:084][627]CompilerResultsLog: 
[2017.09.20-19.14.22:084][627]CompilerResultsLog: 
[2017.09.20-19.14.22:084][627]CompilerResultsLog: 
[2017.09.20-19.14.22:084][627]CompilerResultsLog: ERROR: UBT ERROR: Failed to produce item: C:\Users\Saggitori\Documents\ue4tutorials\HowTo_VTE\Binaries\Win64\UE4Editor-HowTo_VTE-9716.dll
[2017.09.20-19.14.22:084][627]CompilerResultsLog: Total build time: 28.89 seconds (XGE executor: 0.00 seconds)
[2017.09.20-19.14.22:084][627]LogMainFrame: MainFrame: Module compiling took 29.475 seconds
[2017.09.20-19.14.22:084][627]Warning: HotReload failed, recompile failed
[2017.09.20-19.16.35:913][178]Candidate modules for hot reload:
[2017.09.20-19.16.35:913][178]  HowTo_VTE
[2017.09.20-19.16.35:913][178]Launching UnrealBuildTool... [C:/Program Files/Epic Games/UE_4.17/Engine/Binaries/DotNET/UnrealBuildTool.exe HowTo_VTE -ModuleWithSuffix HowTo_VTE 3254 Win64 Development -editorrecompile -canskiplink "C:/Users/Saggitori/Documents/ue4tutorials/HowTo_VTE/HowTo_VTE.uproject" ]
[2017.09.20-19.16.35:916][178]Warning: Starting HotReload took  0.0s.
[2017.09.20-19.16.49:735][349]CompilerResultsLog: New page: Compilation - Sep 20, 2017, 11:16:49 AM
[2017.09.20-19.16.49:737][349]CompilerResultsLog: Compiling game modules for hot reload
[2017.09.20-19.16.49:737][349]CompilerResultsLog: Distributing 4 actions to XGE
[2017.09.20-19.16.49:737][349]CompilerResultsLog: --------------------Build System Warning---------------------------------------
[2017.09.20-19.16.49:737][349]CompilerResultsLog: License is invalid:
[2017.09.20-19.16.49:737][349]CompilerResultsLog:     License information is invalid. Please try reloading your license file using the Coordinator Monitor application on the Coordinator machine, or reinstall IncrediBuild.
[2017.09.20-19.16.49:737][349]CompilerResultsLog:     This build will run in standalone mode.
[2017.09.20-19.16.49:737][349]CompilerResultsLog: 
[2017.09.20-19.16.49:737][349]CompilerResultsLog: -------------------------------------------------------------------------------
[2017.09.20-19.16.49:737][349]CompilerResultsLog: --------------------Project: Default-------------------------------------------
[2017.09.20-19.16.49:737][349]CompilerResultsLog: Countdown.cpp (0:01.35 at +0:00)
[2017.09.20-19.16.49:737][349]CompilerResultsLog: Error: C:\Users\Saggitori\Documents\ue4tutorials\HowTo_VTE\Source\HowTo_VTE\Countdown.cpp(13) : error C2027: use of undefined type 'UTextRenderComponent'
[2017.09.20-19.16.49:737][349]CompilerResultsLog: Error: C:\Program Files\Epic Games\UE_4.17\Engine\Source\Runtime\Engine\Classes\Engine/TextRenderActor.h(26) : note: see declaration of 'UTextRenderComponent'
[2017.09.20-19.16.49:737][349]CompilerResultsLog: Error: C:\Users\Saggitori\Documents\ue4tutorials\HowTo_VTE\Source\HowTo_VTE\Countdown.cpp(13) : error C2227: left of '->SetHorizontalAlignment' must point to class/struct/union/generic type
[2017.09.20-19.16.49:737][349]CompilerResultsLog: Error: C:\Users\Saggitori\Documents\ue4tutorials\HowTo_VTE\Source\HowTo_VTE\Countdown.cpp(13) : error C2065: 'EHTA_CENTER': undeclared identifier
[2017.09.20-19.16.49:737][349]CompilerResultsLog: Error: C:\Users\Saggitori\Documents\ue4tutorials\HowTo_VTE\Source\HowTo_VTE\Countdown.cpp(14) : error C2027: use of undefined type 'UTextRenderComponent'
[2017.09.20-19.16.49:737][349]CompilerResultsLog: Error: C:\Program Files\Epic Games\UE_4.17\Engine\Source\Runtime\Engine\Classes\Engine/TextRenderActor.h(26) : note: see declaration of 'UTextRenderComponent'
[2017.09.20-19.16.49:737][349]CompilerResultsLog: Error: C:\Users\Saggitori\Documents\ue4tutorials\HowTo_VTE\Source\HowTo_VTE\Countdown.cpp(14) : error C2227: left of '->SetWorldSize' must point to class/struct/union/generic type
[2017.09.20-19.16.49:737][349]CompilerResultsLog: Error: C:\Users\Saggitori\Documents\ue4tutorials\HowTo_VTE\Source\HowTo_VTE\Countdown.cpp(15) : error C2440: '=': cannot convert from 'UTextRenderComponent *' to 'USceneComponent *'
[2017.09.20-19.16.49:737][349]CompilerResultsLog: Error: C:\Users\Saggitori\Documents\ue4tutorials\HowTo_VTE\Source\HowTo_VTE\Countdown.cpp(15) : note: Types pointed to are unrelated; conversion requires reinterpret_cast, C-style cast or function-style cast
[2017.09.20-19.16.49:737][349]CompilerResultsLog: Error: C:\Users\Saggitori\Documents\ue4tutorials\HowTo_VTE\Source\HowTo_VTE\Countdown.cpp(23) : error C2027: use of undefined type 'UTextRenderComponent'
[2017.09.20-19.16.49:737][349]CompilerResultsLog: Error: C:\Program Files\Epic Games\UE_4.17\Engine\Source\Runtime\Engine\Classes\Engine/TextRenderActor.h(26) : note: see declaration of 'UTextRenderComponent'
[2017.09.20-19.16.49:737][349]CompilerResultsLog: Error: C:\Users\Saggitori\Documents\ue4tutorials\HowTo_VTE\Source\HowTo_VTE\Countdown.cpp(23) : error C2227: left of '->SetText' must point to class/struct/union/generic type
[2017.09.20-19.16.49:737][349]CompilerResultsLog: Error: C:\Users\Saggitori\Documents\ue4tutorials\HowTo_VTE\Source\HowTo_VTE\Countdown.cpp(30) : error C2065: 'Countdown': undeclared identifier
[2017.09.20-19.16.49:737][349]CompilerResultsLog: Error: C:\Users\Saggitori\Documents\ue4tutorials\HowTo_VTE\Source\HowTo_VTE\Countdown.cpp(41) : error C2227: left of '->SetText' must point to class/struct/union/generic type
[2017.09.20-19.16.49:737][349]CompilerResultsLog: 
[2017.09.20-19.16.49:737][349]CompilerResultsLog: Error executing C:\Program Files (x86)\Microsoft Visual Studio\2017\Community\VC\Tools\MSVC\14.11.25503\bin\HostX64\x64\cl.exe (tool returned code: 2)
[2017.09.20-19.16.49:737][349]CompilerResultsLog: ---------------------- Done ----------------------
[2017.09.20-19.16.49:737][349]CompilerResultsLog: 
[2017.09.20-19.16.49:738][349]CompilerResultsLog:     Rebuild All: 0 succeeded, 1 failed, 0 skipped
[2017.09.20-19.16.49:738][349]CompilerResultsLog: 
[2017.09.20-19.16.49:738][349]CompilerResultsLog: 1 build system warning(s):
[2017.09.20-19.16.49:738][349]CompilerResultsLog:    - License is invalid
[2017.09.20-19.16.49:738][349]CompilerResultsLog: 
[2017.09.20-19.16.49:738][349]CompilerResultsLog: 
[2017.09.20-19.16.49:738][349]CompilerResultsLog: 
[2017.09.20-19.16.49:738][349]CompilerResultsLog: ERROR: UBT ERROR: Failed to produce item: C:\Users\Saggitori\Documents\ue4tutorials\HowTo_VTE\Binaries\Win64\UE4Editor-HowTo_VTE-3254.dll
[2017.09.20-19.16.49:738][349]CompilerResultsLog: Total build time: 13.16 seconds (XGE executor: 0.00 seconds)
[2017.09.20-19.16.49:738][349]LogMainFrame: MainFrame: Module compiling took 13.828 seconds
[2017.09.20-19.16.49:738][349]Warning: HotReload failed, recompile failed
[2017.09.20-19.20.09:541][377]Cmd: CLOSE_SLATE_MAINFRAME
[2017.09.20-19.20.09:713][377]LogWindowsTextInputMethodSystem: Display: IME system now deactivated.
[2017.09.20-19.20.09:713][377]LogWindowsTextInputMethodSystem: Display: IME system now deactivated.
[2017.09.20-19.20.09:970][378]Cmd: QUIT_EDITOR
[2017.09.20-19.20.10:019][378]LogExit: Preparing to exit.
[2017.09.20-19.20.11:417][378]LogDirectoryWatcher: A directory notification for 'C:/Users/Saggitori/Documents/ue4tutorials/HowTo_VTE/Content/' was aborted.
[2017.09.20-19.20.11:511][378]LogExit: Editor shut down
[2017.09.20-19.20.11:542][378]LogExit: Transaction tracking system shut down
[2017.09.20-19.20.11:779][378]LogDirectoryWatcher: A directory notification for '../../../Engine/Content/' was aborted.
[2017.09.20-19.20.11:779][378]LogDirectoryWatcher: A directory notification for '../../../../../../Users/Saggitori/Documents/ue4tutorials/HowTo_VTE/Content/' was aborted.
[2017.09.20-19.20.11:779][378]LogDirectoryWatcher: A directory notification for '../../../Engine/Plugins/2D/Paper2D/Content/' was aborted.
[2017.09.20-19.20.11:779][378]LogDirectoryWatcher: A directory notification for '../../../Engine/Plugins/Runtime/Oculus/OculusVR/Content/' was aborted.
[2017.09.20-19.20.11:779][378]LogDirectoryWatcher: A directory notification for '../../../Engine/Plugins/Runtime/Steam/SteamVR/Content/' was aborted.
[2017.09.20-19.20.11:882][378]LogExit: Object subsystem successfully closed.
[2017.09.20-19.20.11:903][378]LogD3D11RHI: Shutdown
[2017.09.20-19.20.11:903][378]LogD3D11RHI: CleanupD3DDevice
[2017.09.20-19.20.12:015][378]LogD3D11RHI: ~FD3D11DynamicRHI
[2017.09.20-19.20.12:039][378]LogModuleManager: Shutting down and abandoning module HowTo_VTE (534)
[2017.09.20-19.20.12:039][378]LogModuleManager: Shutting down and abandoning module HierarchicalLODOutliner (532)
[2017.09.20-19.20.12:039][378]LogModuleManager: Shutting down and abandoning module SceneOutliner (530)
[2017.09.20-19.20.12:039][378]LogModuleManager: Shutting down and abandoning module AddContentDialog (528)
[2017.09.20-19.20.12:039][378]LogDirectoryWatcher: A directory notification for 'C:/Program Files/Epic Games/UE_4.17/FeaturePacks/' was aborted.
[2017.09.20-19.20.12:044][378]LogModuleManager: Shutting down and abandoning module WidgetCarousel (527)
[2017.09.20-19.20.12:044][378]LogModuleManager: Shutting down and abandoning module EditorWidgets (524)
[2017.09.20-19.20.12:044][378]LogModuleManager: Shutting down and abandoning module CollectionManager (522)
[2017.09.20-19.20.12:045][378]LogDirectoryWatcher: A directory notification for 'C:/Users/Saggitori/Documents/ue4tutorials/HowTo_VTE/Content/Collections/' was aborted.
[2017.09.20-19.20.12:045][378]LogDirectoryWatcher: A directory notification for 'C:/Users/Saggitori/Documents/ue4tutorials/HowTo_VTE/Content/Developers/Saggitori/Collections/' was aborted.
[2017.09.20-19.20.12:045][378]LogDirectoryWatcher: A directory notification for 'C:/Users/Saggitori/Documents/ue4tutorials/HowTo_VTE/Saved/Collections/' was aborted.
[2017.09.20-19.20.12:045][378]LogModuleManager: Shutting down and abandoning module StatsViewer (520)
[2017.09.20-19.20.12:045][378]LogModuleManager: Shutting down and abandoning module FoliageEdit (518)
[2017.09.20-19.20.12:045][378]LogModuleManager: Shutting down and abandoning module LandscapeEditor (516)
[2017.09.20-19.20.12:045][378]LogModuleManager: Shutting down and abandoning module MeshPaintMode (514)
[2017.09.20-19.20.12:045][378]LogModuleManager: Shutting down and abandoning module SceneDepthPickerMode (512)
[2017.09.20-19.20.12:045][378]LogModuleManager: Shutting down and abandoning module ActorPickerMode (510)
[2017.09.20-19.20.12:045][378]LogModuleManager: Shutting down and abandoning module GeometryMode (508)
[2017.09.20-19.20.12:045][378]LogModuleManager: Shutting down and abandoning module TextureAlignMode (506)
[2017.09.20-19.20.12:045][378]LogModuleManager: Shutting down and abandoning module BspMode (504)
[2017.09.20-19.20.12:045][378]LogModuleManager: Shutting down and abandoning module PIEPreviewDeviceProfileSelector (502)
[2017.09.20-19.20.12:045][378]LogModuleManager: Shutting down and abandoning module HardwareSurvey (500)
[2017.09.20-19.20.12:045][378]LogModuleManager: Shutting down and abandoning module SequenceRecorderSections (498)
[2017.09.20-19.20.12:045][378]LogModuleManager: Shutting down and abandoning module AutomationWorker (496)
[2017.09.20-19.20.12:045][378]LogModuleManager: Shutting down and abandoning module MatineeToLevelSequence (494)
[2017.09.20-19.20.12:045][378]LogModuleManager: Shutting down and abandoning module LevelSequenceEditor (492)
[2017.09.20-19.20.12:045][378]LogModuleManager: Shutting down and abandoning module PlacementMode (491)
[2017.09.20-19.20.12:045][378]LogModuleManager: Shutting down and abandoning module WmfMediaFactory (488)
[2017.09.20-19.20.12:046][378]LogModuleManager: Shutting down and abandoning module WmfMediaEditor (486)
[2017.09.20-19.20.12:046][378]LogModuleManager: Shutting down and abandoning module AvfMediaFactory (484)
[2017.09.20-19.20.12:046][378]LogModuleManager: Shutting down and abandoning module AvfMediaEditor (482)
[2017.09.20-19.20.12:046][378]LogModuleManager: Shutting down and abandoning module AndroidMediaFactory (480)
[2017.09.20-19.20.12:046][378]LogModuleManager: Shutting down and abandoning module Media (479)
[2017.09.20-19.20.12:046][378]LogModuleManager: Shutting down and abandoning module AndroidMediaEditor (476)
[2017.09.20-19.20.12:046][378]LogModuleManager: Shutting down and abandoning module CharacterAI (474)
[2017.09.20-19.20.12:046][378]LogModuleManager: Shutting down and abandoning module AudioCapture (472)
[2017.09.20-19.20.12:046][378]LogModuleManager: Shutting down and abandoning module SequenceRecorder (471)
[2017.09.20-19.20.12:046][378]LogModuleManager: Shutting down and abandoning module SmartSnapping (468)
[2017.09.20-19.20.12:046][378]LogModuleManager: Shutting down and abandoning module SessionServices (466)
[2017.09.20-19.20.12:046][378]LogModuleManager: Shutting down and abandoning module ViewportSnapping (464)
[2017.09.20-19.20.12:046][378]LogModuleManager: Shutting down and abandoning module ViewportInteraction (462)
[2017.09.20-19.20.12:046][378]LogModuleManager: Shutting down and abandoning module ClothPainter (460)
[2017.09.20-19.20.12:046][378]LogModuleManager: Shutting down and abandoning module LogVisualizer (458)
[2017.09.20-19.20.12:046][378]LogModuleManager: Shutting down and abandoning module IntroTutorials (456)
[2017.09.20-19.20.12:046][378]LogModuleManager: Shutting down and abandoning module GameProjectGeneration (455)
[2017.09.20-19.20.12:046][378]LogModuleManager: Shutting down and abandoning module IOSPlatformEditor (452)
[2017.09.20-19.20.12:046][378]LogModuleManager: Shutting down and abandoning module HTML5PlatformEditor (450)
[2017.09.20-19.20.12:046][378]LogModuleManager: Shutting down and abandoning module AndroidPlatformEditor (448)
[2017.09.20-19.20.12:046][378]LogModuleManager: Shutting down and abandoning module AndroidDeviceDetection (447)
[2017.09.20-19.20.12:492][378]LogModuleManager: Shutting down and abandoning module WindowsPlatformEditor (444)
[2017.09.20-19.20.12:492][378]LogModuleManager: Shutting down and abandoning module IOSRuntimeSettings (442)
[2017.09.20-19.20.12:492][378]LogModuleManager: Shutting down and abandoning module AndroidRuntimeSettings (440)
[2017.09.20-19.20.12:492][378]LogModuleManager: Shutting down and abandoning module InputBindingEditor (438)
[2017.09.20-19.20.12:493][378]LogModuleManager: Shutting down and abandoning module MergeActors (436)
[2017.09.20-19.20.12:493][378]LogModuleManager: Shutting down and abandoning module SizeMap (434)
[2017.09.20-19.20.12:493][378]LogModuleManager: Shutting down and abandoning module TreeMap (432)
[2017.09.20-19.20.12:493][378]LogModuleManager: Shutting down and abandoning module ReferenceViewer (430)
[2017.09.20-19.20.12:493][378]LogModuleManager: Shutting down and abandoning module LocalizationDashboard (428)
[2017.09.20-19.20.12:493][378]LogModuleManager: Shutting down and abandoning module LocalizationService (427)
[2017.09.20-19.20.12:493][378]LogModuleManager: Shutting down and abandoning module HardwareTargeting (424)
[2017.09.20-19.20.12:493][378]LogModuleManager: Shutting down and abandoning module DeviceProfileEditor (422)
[2017.09.20-19.20.12:494][378]LogModuleManager: Shutting down and abandoning module UndoHistory (420)
[2017.09.20-19.20.12:494][378]LogModuleManager: Shutting down and abandoning module XmlParser (418)
[2017.09.20-19.20.12:494][378]LogModuleManager: Shutting down and abandoning module Blutility (416)
[2017.09.20-19.20.12:494][378]LogModuleManager: Shutting down and abandoning module ProjectSettingsViewer (414)
[2017.09.20-19.20.12:494][378]LogModuleManager: Shutting down and abandoning module ProjectTargetPlatformEditor (413)
[2017.09.20-19.20.12:495][378]LogModuleManager: Shutting down and abandoning module EditorSettingsViewer (410)
[2017.09.20-19.20.12:495][378]LogModuleManager: Shutting down and abandoning module SettingsEditor (408)
[2017.09.20-19.20.12:495][378]LogModuleManager: Shutting down and abandoning module ProjectLauncher (406)
[2017.09.20-19.20.12:496][378]LogModuleManager: Shutting down and abandoning module SessionFrontend (404)
[2017.09.20-19.20.12:496][378]LogModuleManager: Shutting down and abandoning module ProfilerClient (402)
[2017.09.20-19.20.12:496][378]LogModuleManager: Shutting down and abandoning module DeviceManager (400)
[2017.09.20-19.20.12:496][378]LogModuleManager: Shutting down and abandoning module TargetDeviceServices (399)
[2017.09.20-19.20.12:562][378]LogModuleManager: Shutting down and abandoning module AutomationController (396)
[2017.09.20-19.20.12:562][378]LogModuleManager: Shutting down and abandoning module AutomationWindow (394)
[2017.09.20-19.20.12:562][378]LogModuleManager: Shutting down and abandoning module Layers (392)
[2017.09.20-19.20.12:562][378]LogModuleManager: Shutting down and abandoning module ComponentVisualizers (390)
[2017.09.20-19.20.12:563][378]LogModuleManager: Shutting down and abandoning module DetailCustomizations (388)
[2017.09.20-19.20.12:564][378]LogModuleManager: Shutting down and abandoning module PackagesDialog (386)
[2017.09.20-19.20.12:564][378]LogModuleManager: Shutting down and abandoning module Persona (384)
[2017.09.20-19.20.12:565][378]LogModuleManager: Shutting down and abandoning module AdvancedPreviewScene (383)
[2017.09.20-19.20.12:565][378]LogModuleManager: Shutting down and abandoning module AnimGraph (381)
[2017.09.20-19.20.12:565][378]LogModuleManager: Shutting down and abandoning module Kismet (378)
[2017.09.20-19.20.12:566][378]LogModuleManager: Shutting down and abandoning module ClassViewer (376)
[2017.09.20-19.20.12:572][378]LogModuleManager: Shutting down and abandoning module Toolbox (374)
[2017.09.20-19.20.12:572][378]LogModuleManager: Shutting down and abandoning module ModuleUI (372)
[2017.09.20-19.20.12:573][378]LogModuleManager: Shutting down and abandoning module MovieSceneTools (370)
[2017.09.20-19.20.12:573][378]LogModuleManager: Shutting down and abandoning module OutputLog (368)
[2017.09.20-19.20.12:573][378]LogModuleManager: Shutting down and abandoning module GammaUI (366)
[2017.09.20-19.20.12:574][378]LogModuleManager: Shutting down and abandoning module Documentation (364)
[2017.09.20-19.20.12:574][378]LogModuleManager: Shutting down and abandoning module MovieSceneTracks (362)
[2017.09.20-19.20.12:574][378]LogModuleManager: Shutting down and abandoning module MovieScene (360)
[2017.09.20-19.20.12:574][378]LogModuleManager: Shutting down and abandoning module Niagara (358)
[2017.09.20-19.20.12:574][378]LogModuleManager: Shutting down and abandoning module NiagaraEditor (357)
[2017.09.20-19.20.12:575][378]LogModuleManager: Shutting down and abandoning module StreamingPauseRendering (354)
[2017.09.20-19.20.12:575][378]LogModuleManager: Shutting down and abandoning module LauncherPlatform (352)
[2017.09.20-19.20.12:575][378]LogModuleManager: Shutting down and abandoning module AnalyticsET (350)
[2017.09.20-19.20.12:575][378]LogModuleManager: Shutting down and abandoning module PortalServices (348)
[2017.09.20-19.20.12:575][378]LogModuleManager: Shutting down and abandoning module PortalRpc (346)
[2017.09.20-19.20.12:575][378]LogModuleManager: Shutting down and abandoning module MessagingRpc (344)
[2017.09.20-19.20.12:575][378]LogModuleManager: Shutting down and abandoning module AIModule (342)
[2017.09.20-19.20.12:575][378]LogModuleManager: Shutting down and abandoning module GameplayDebugger (341)
[2017.09.20-19.20.12:576][378]LogModuleManager: Shutting down and abandoning module AITestSuite (339)
[2017.09.20-19.20.12:576][378]LogModuleManager: Shutting down and abandoning module ProfilerService (336)
[2017.09.20-19.20.12:577][378]LogModuleManager: Shutting down and abandoning module TaskGraph (334)
[2017.09.20-19.20.12:578][378]LogModuleManager: Shutting down and abandoning module SteamVRController (332)
[2017.09.20-19.20.12:578][378]LogModuleManager: Shutting down and abandoning module ProceduralMeshComponentEditor (330)
[2017.09.20-19.20.12:578][378]LogModuleManager: Shutting down and abandoning module ProceduralMeshComponent (328)
[2017.09.20-19.20.12:578][378]LogModuleManager: Shutting down and abandoning module OculusInput (326)
[2017.09.20-19.20.12:578][378]LogModuleManager: Shutting down and abandoning module MobilePatchingUtils (324)
[2017.09.20-19.20.12:578][378]LogModuleManager: Shutting down and abandoning module CustomMeshComponent (322)
[2017.09.20-19.20.12:578][378]LogModuleManager: Shutting down and abandoning module CableComponent (320)
[2017.09.20-19.20.12:578][378]LogModuleManager: Shutting down and abandoning module ArchVisCharacter (318)
[2017.09.20-19.20.12:578][378]LogModuleManager: Shutting down and abandoning module AndroidPermission (316)
[2017.09.20-19.20.12:578][378]LogModuleManager: Shutting down and abandoning module MediaPlayerEditor (312)
[2017.09.20-19.20.12:578][378]LogModuleManager: Shutting down and abandoning module HTML5Networking (310)
[2017.09.20-19.20.12:579][378]LogModuleManager: Shutting down and abandoning module AlembicImporter (308)
[2017.09.20-19.20.12:579][378]LogModuleManager: Shutting down and abandoning module AlembicLibrary (307)
[2017.09.20-19.20.12:579][378]LogModuleManager: Shutting down and abandoning module GeometryCache (306)
[2017.09.20-19.20.12:579][378]LogModuleManager: Shutting down and abandoning module GeometryCacheEd (305)
[2017.09.20-19.20.12:579][378]LogModuleManager: Shutting down and abandoning module SpeedTreeImporter (300)
[2017.09.20-19.20.12:579][378]LogModuleManager: Shutting down and abandoning module PluginBrowser (298)
[2017.09.20-19.20.12:579][378]LogModuleManager: Shutting down and abandoning module MobileLauncherProfileWizard (296)
[2017.09.20-19.20.12:579][378]LogModuleManager: Shutting down and abandoning module VisualStudioSourceCodeAccess (294)
[2017.09.20-19.20.12:579][378]LogModuleManager: Shutting down and abandoning module DesktopPlatform (293)
[2017.09.20-19.20.12:580][378]LogModuleManager: Shutting down and abandoning module UObjectPlugin (290)
[2017.09.20-19.20.12:580][378]LogModuleManager: Shutting down and abandoning module SubversionSourceControl (288)
[2017.09.20-19.20.12:580][378]LogModuleManager: Shutting down and abandoning module PerforceSourceControl (286)
[2017.09.20-19.20.12:580][378]LogModuleManager: Shutting down and abandoning module GitSourceControl (284)
[2017.09.20-19.20.12:580][378]LogModuleManager: Shutting down and abandoning module SourceControl (283)
[2017.09.20-19.20.12:580][378]LogModuleManager: Shutting down and abandoning module LightPropagationVolumeEditor (280)
[2017.09.20-19.20.12:580][378]LogModuleManager: Shutting down and abandoning module PaperTiledImporter (278)
[2017.09.20-19.20.12:580][378]LogModuleManager: Shutting down and abandoning module PaperSpriteSheetImporter (276)
[2017.09.20-19.20.12:580][378]LogModuleManager: Shutting down and abandoning module Paper2DEditor (274)
[2017.09.20-19.20.12:580][378]LogModuleManager: Shutting down and abandoning module MeshPaint (273)
[2017.09.20-19.20.12:581][378]LogModuleManager: Shutting down and abandoning module LevelEditor (271)
[2017.09.20-19.20.12:585][378]LogModuleManager: Shutting down and abandoning module PixelInspectorModule (270)
[2017.09.20-19.20.12:585][378]LogModuleManager: Shutting down and abandoning module MainFrame (268)
[2017.09.20-19.20.12:585][378]LogModuleManager: Shutting down and abandoning module HotReload (267)
[2017.09.20-19.20.12:585][378]LogDirectoryWatcher: A directory notification for 'C:/Users/Saggitori/Documents/ue4tutorials/HowTo_VTE/Binaries/Win64' was aborted.
[2017.09.20-19.20.12:587][378]LogModuleManager: Shutting down and abandoning module RuntimePhysXCooking (260)
[2017.09.20-19.20.12:587][378]LogModuleManager: Shutting down and abandoning module PhysXVehiclesEditor (258)
[2017.09.20-19.20.12:587][378]LogModuleManager: Shutting down and abandoning module PhysXVehicles (256)
[2017.09.20-19.20.12:587][378]LogModuleManager: Shutting down and abandoning module OculusEditor (254)
[2017.09.20-19.20.12:587][378]LogModuleManager: Shutting down and abandoning module LocationServicesBPLibrary (252)
[2017.09.20-19.20.12:587][378]LogModuleManager: Shutting down and abandoning module ImmediatePhysicsEditor (250)
[2017.09.20-19.20.12:587][378]LogModuleManager: Shutting down and abandoning module ImmediatePhysics (248)
[2017.09.20-19.20.12:587][378]LogModuleManager: Shutting down and abandoning module UdpMessaging (246)
[2017.09.20-19.20.12:688][378]LogModuleManager: Shutting down and abandoning module TcpMessaging (244)
[2017.09.20-19.20.12:789][378]LogModuleManager: Shutting down and abandoning module GameplayTagsEditor (242)
[2017.09.20-19.20.12:789][378]LogModuleManager: Shutting down and abandoning module FacialAnimationEditor (240)
[2017.09.20-19.20.12:789][378]LogModuleManager: Shutting down and abandoning module FacialAnimation (238)
[2017.09.20-19.20.12:789][378]LogModuleManager: Shutting down and abandoning module AssetManagerEditor (236)
[2017.09.20-19.20.12:789][378]LogModuleManager: Shutting down and abandoning module GraphEditor (235)
[2017.09.20-19.20.12:789][378]LogModuleManager: Shutting down and abandoning module ContentBrowser (233)
[2017.09.20-19.20.12:791][378]LogModuleManager: Shutting down and abandoning module LightPropagationVolumeRuntime (230)
[2017.09.20-19.20.12:791][378]LogModuleManager: Shutting down and abandoning module Paper2D (228)
[2017.09.20-19.20.12:791][378]LogModuleManager: Shutting down and abandoning module WindowsMoviePlayer (226)
[2017.09.20-19.20.12:791][378]LogModuleManager: Shutting down and abandoning module WmfMedia (224)
[2017.09.20-19.20.12:791][378]LogModuleManager: Shutting down and abandoning module PacketHandler (222)
[2017.09.20-19.20.12:791][378]LogModuleManager: Shutting down and abandoning module ClothingSystemEditor (220)
[2017.09.20-19.20.12:791][378]LogModuleManager: Shutting down and abandoning module ClothingSystemRuntime (218)
[2017.09.20-19.20.12:791][378]LogModuleManager: Shutting down and abandoning module Overlay (216)
[2017.09.20-19.20.12:791][378]LogModuleManager: Shutting down and abandoning module OverlayEditor (215)
[2017.09.20-19.20.12:791][378]LogModuleManager: Shutting down and abandoning module MediaAssets (212)
[2017.09.20-19.20.12:791][378]LogModuleManager: Shutting down and abandoning module VREditor (210)
[2017.09.20-19.20.12:791][378]LogModuleManager: Shutting down and abandoning module StringTableEditor (208)
[2017.09.20-19.20.12:791][378]LogModuleManager: Shutting down and abandoning module GameplayTasksEditor (206)
[2017.09.20-19.20.12:791][378]LogModuleManager: Shutting down and abandoning module BehaviorTreeEditor (204)
[2017.09.20-19.20.12:791][378]LogModuleManager: Shutting down and abandoning module FunctionalTesting (202)
[2017.09.20-19.20.12:791][378]LogModuleManager: Shutting down and abandoning module CollisionAnalyzer (200)
[2017.09.20-19.20.12:791][378]LogModuleManager: Shutting down and abandoning module WorkspaceMenuStructure (199)
[2017.09.20-19.20.12:791][378]LogModuleManager: Shutting down and abandoning module UMG (196)
[2017.09.20-19.20.12:791][378]LogModuleManager: Shutting down and abandoning module UMGEditor (195)
[2017.09.20-19.20.12:791][378]LogModuleManager: Shutting down and abandoning module Sequencer (194)
[2017.09.20-19.20.12:791][378]LogModuleManager: Shutting down and abandoning module MessageLog (191)
[2017.09.20-19.20.12:791][378]LogModuleManager: Shutting down and abandoning module SlateReflector (186)
[2017.09.20-19.20.12:791][378]LogModuleManager: Shutting down and abandoning module Slate (184)
[2017.09.20-19.20.12:791][378]LogModuleManager: Shutting down and abandoning module EditorStyle (182)
[2017.09.20-19.20.12:797][378]LogModuleManager: Shutting down and abandoning module MRMesh (180)
[2017.09.20-19.20.12:797][378]LogModuleManager: Shutting down and abandoning module SourceCodeAccess (178)
[2017.09.20-19.20.12:797][378]LogModuleManager: Shutting down and abandoning module HeadMountedDisplay (176)
[2017.09.20-19.20.12:797][378]LogModuleManager: Shutting down and abandoning module XAudio2 (174)
[2017.09.20-19.20.12:797][378]LogModuleManager: Shutting down and abandoning module Networking (172)
[2017.09.20-19.20.12:797][378]LogModuleManager: Shutting down and abandoning module Core (168)
[2017.09.20-19.20.12:797][378]LogModuleManager: Shutting down and abandoning module KismetCompiler (164)
[2017.09.20-19.20.12:797][378]LogModuleManager: Shutting down and abandoning module LevelSequence (162)
[2017.09.20-19.20.12:797][378]LogModuleManager: Shutting down and abandoning module MeshUtilities (160)
[2017.09.20-19.20.12:797][378]LogModuleManager: Shutting down and abandoning module MeshMergeUtilities (159)
[2017.09.20-19.20.12:797][378]LogModuleManager: Shutting down and abandoning module MeshReductionInterface (158)
[2017.09.20-19.20.12:797][378]LogModuleManager: Shutting down and abandoning module SimplygonSwarm (157)
[2017.09.20-19.20.12:797][378]LogModuleManager: Shutting down and abandoning module SimplygonMeshReduction (155)
[2017.09.20-19.20.12:797][378]LogModuleManager: Shutting down and abandoning module QuadricMeshReduction (153)
[2017.09.20-19.20.12:797][378]LogModuleManager: Shutting down and abandoning module MaterialBaking (149)
[2017.09.20-19.20.12:798][378]LogModuleManager: Shutting down and abandoning module DirectoryWatcher (146)
[2017.09.20-19.20.12:808][378]LogModuleManager: Shutting down and abandoning module DerivedDataCache (144)
[2017.09.20-19.20.12:811][378]LogDerivedDataCache: Shutdown
[2017.09.20-19.20.12:811][378]LogModuleManager: Shutting down and abandoning module TargetPlatform (142)
[2017.09.20-19.20.12:811][378]LogModuleManager: Shutting down and abandoning module VulkanShaderFormat (141)
[2017.09.20-19.20.12:811][378]LogModuleManager: Shutting down and abandoning module ShaderFormatVectorVM (139)
[2017.09.20-19.20.12:812][378]LogModuleManager: Shutting down and abandoning module ShaderFormatOpenGL (137)
[2017.09.20-19.20.12:812][378]LogModuleManager: Shutting down and abandoning module ShaderFormatD3D (135)
[2017.09.20-19.20.12:812][378]LogModuleManager: Shutting down and abandoning module MetalShaderFormat (133)
[2017.09.20-19.20.12:812][378]LogModuleManager: Shutting down and abandoning module TextureFormatUncompressed (131)
[2017.09.20-19.20.12:812][378]LogModuleManager: Shutting down and abandoning module TextureFormatPVR (129)
[2017.09.20-19.20.12:812][378]LogModuleManager: Shutting down and abandoning module TextureFormatDXT (127)
[2017.09.20-19.20.12:812][378]LogModuleManager: Shutting down and abandoning module TextureFormatIntelISPCTexComp (125)
[2017.09.20-19.20.12:812][378]LogModuleManager: Shutting down and abandoning module TextureFormatASTC (123)
[2017.09.20-19.20.12:812][378]LogModuleManager: Shutting down and abandoning module ImageWrapper (122)
[2017.09.20-19.20.12:812][378]LogModuleManager: Shutting down and abandoning module TextureFormatAndroid (119)
[2017.09.20-19.20.12:812][378]LogModuleManager: Shutting down and abandoning module AudioFormatOpus (117)
[2017.09.20-19.20.12:812][378]LogModuleManager: Shutting down and abandoning module AudioFormatOgg (115)
[2017.09.20-19.20.12:812][378]LogModuleManager: Shutting down and abandoning module AudioFormatADPCM (113)
[2017.09.20-19.20.12:812][378]LogModuleManager: Shutting down and abandoning module LinuxTargetPlatform (111)
[2017.09.20-19.20.12:812][378]LogModuleManager: Shutting down and abandoning module LinuxServerTargetPlatform (109)
[2017.09.20-19.20.12:812][378]LogModuleManager: Shutting down and abandoning module LinuxNoEditorTargetPlatform (107)
[2017.09.20-19.20.12:812][378]LogModuleManager: Shutting down and abandoning module LinuxClientTargetPlatform (105)
[2017.09.20-19.20.12:812][378]LogModuleManager: Shutting down and abandoning module TVOSTargetPlatform (103)
[2017.09.20-19.20.12:812][378]LogModuleManager: Shutting down and abandoning module Messaging (101)
[2017.09.20-19.20.12:812][378]LogModuleManager: Shutting down and abandoning module IOSTargetPlatform (99)
[2017.09.20-19.20.12:812][378]LogModuleManager: Shutting down and abandoning module HTML5TargetPlatform (97)
[2017.09.20-19.20.12:812][378]LogModuleManager: Shutting down and abandoning module Android_PVRTCTargetPlatform (95)
[2017.09.20-19.20.12:813][378]LogModuleManager: Shutting down and abandoning module Android_MultiTargetPlatform (93)
[2017.09.20-19.20.12:813][378]LogModuleManager: Shutting down and abandoning module Android_ETC2TargetPlatform (91)
[2017.09.20-19.20.12:813][378]LogModuleManager: Shutting down and abandoning module Android_ETC1TargetPlatform (89)
[2017.09.20-19.20.12:813][378]LogModuleManager: Shutting down and abandoning module Android_DXTTargetPlatform (87)
[2017.09.20-19.20.12:813][378]LogModuleManager: Shutting down and abandoning module Android_ATCTargetPlatform (85)
[2017.09.20-19.20.12:813][378]LogModuleManager: Shutting down and abandoning module Android_ASTCTargetPlatform (83)
[2017.09.20-19.20.12:813][378]LogModuleManager: Shutting down and abandoning module AndroidTargetPlatform (81)
[2017.09.20-19.20.12:813][378]LogModuleManager: Shutting down and abandoning module WindowsTargetPlatform (79)
[2017.09.20-19.20.12:813][378]LogModuleManager: Shutting down and abandoning module WindowsServerTargetPlatform (77)
[2017.09.20-19.20.12:813][378]LogModuleManager: Shutting down and abandoning module WindowsNoEditorTargetPlatform (75)
[2017.09.20-19.20.12:813][378]LogModuleManager: Shutting down and abandoning module WindowsClientTargetPlatform (73)
[2017.09.20-19.20.12:813][378]LogModuleManager: Shutting down and abandoning module MacTargetPlatform (71)
[2017.09.20-19.20.12:813][378]LogModuleManager: Shutting down and abandoning module MacServerTargetPlatform (69)
[2017.09.20-19.20.12:813][378]LogModuleManager: Shutting down and abandoning module MacNoEditorTargetPlatform (67)
[2017.09.20-19.20.12:813][378]LogModuleManager: Shutting down and abandoning module MacClientTargetPlatform (65)
[2017.09.20-19.20.12:813][378]LogModuleManager: Shutting down and abandoning module AllDesktopTargetPlatform (63)
[2017.09.20-19.20.12:813][378]LogModuleManager: Shutting down and abandoning module InputCore (60)
[2017.09.20-19.20.12:813][378]LogModuleManager: Shutting down and abandoning module Settings (58)
[2017.09.20-19.20.12:813][378]LogModuleManager: Shutting down and abandoning module PhysXCooking (56)
[2017.09.20-19.20.12:813][378]LogModuleManager: Shutting down and abandoning module SteamVR (54)
[2017.09.20-19.20.12:813][378]LogModuleManager: Shutting down and abandoning module OculusHMD (52)
[2017.09.20-19.20.12:813][378]LogModuleManager: Shutting down and abandoning module ExampleDeviceProfileSelector (50)
[2017.09.20-19.20.12:813][378]LogModuleManager: Shutting down and abandoning module OnlineBlueprintSupport (48)
[2017.09.20-19.20.12:813][378]LogModuleManager: Shutting down and abandoning module OnlineSubsystem (44)
[2017.09.20-19.20.12:814][378]LogOnline: Display: Unloading online subsystem: NULL
[2017.09.20-19.20.12:814][378]LogModuleManager: Shutting down and abandoning module XMPP (43)
[2017.09.20-19.20.12:814][378]LogModuleManager: Shutting down and abandoning module HTTP (41)
[2017.09.20-19.20.12:814][378]LogHttp: Display: Http module shutting down, but needs to wait on 1 outstanding Http requests:
[2017.09.20-19.20.12:814][378]LogHttp: Display: 	verb=[POST] url=[https://datarouter.ol.epicgames.com/datarouter/api/v1/public/data?SessionID=%7BFF4C6015-48D8-2D26-11B5-2BBCD3B9AB19%7D&AppID=UEEditor.Rocket.Release&AppVersion=4.17.1-3586342%2B%2B%2BUE4%2BRelease-4.17&UserID=01f63cec4dfbc97bea955d803cf02abe%7Cedd7d2f815fe412a80b987cd707f2cc8%7C3466c664-d12c-416f-989e-997ded40be15&AppEnvironment=datacollector-binary&UploadType=eteventstream] status=Processing
[2017.09.20-19.20.12:842][378]LogModuleManager: Shutting down and abandoning module SSL (40)
[2017.09.20-19.20.12:844][378]LogModuleManager: Shutting down and abandoning module AnimationModifiers (36)
[2017.09.20-19.20.12:844][378]LogModuleManager: Shutting down and abandoning module PropertyEditor (35)
[2017.09.20-19.20.12:844][378]LogModuleManager: Shutting down and abandoning module AudioEditor (32)
[2017.09.20-19.20.12:844][378]LogModuleManager: Shutting down and abandoning module TextureCompressor (30)
[2017.09.20-19.20.12:844][378]LogModuleManager: Shutting down and abandoning module ShaderCore (28)
[2017.09.20-19.20.12:844][378]LogModuleManager: Shutting down and abandoning module Landscape (26)
[2017.09.20-19.20.12:844][378]LogModuleManager: Shutting down and abandoning module SlateRHIRenderer (24)
[2017.09.20-19.20.12:852][378]LogModuleManager: Shutting down and abandoning module OpenGLDrv (22)
[2017.09.20-19.20.12:852][378]LogModuleManager: Shutting down and abandoning module D3D11RHI (20)
[2017.09.20-19.20.12:852][378]LogModuleManager: Shutting down and abandoning module AnimGraphRuntime (18)
[2017.09.20-19.20.12:852][378]LogModuleManager: Shutting down and abandoning module Renderer (16)
[2017.09.20-19.20.12:852][378]LogModuleManager: Shutting down and abandoning module Engine (14)
[2017.09.20-19.20.12:852][378]LogModuleManager: Shutting down and abandoning module CoreUObject (12)
[2017.09.20-19.20.12:852][378]LogModuleManager: Shutting down and abandoning module NetworkFile (10)
[2017.09.20-19.20.12:852][378]LogModuleManager: Shutting down and abandoning module CookedIterativeFile (8)
[2017.09.20-19.20.12:852][378]LogModuleManager: Shutting down and abandoning module StreamingFile (6)
[2017.09.20-19.20.12:852][378]LogModuleManager: Shutting down and abandoning module SandboxFile (4)
[2017.09.20-19.20.12:852][378]LogModuleManager: Shutting down and abandoning module PakFile (2)
[2017.09.20-19.20.12:854][378]LogExit: Exiting.
[2017.09.20-19.20.12:875][378]Log file closed, 09/20/17 15:20:12
